The target system is: Generic -  - 
The host system is: Darwin - 21.5.0 - arm64
Compiling the C compiler identification source file "CMakeCCompilerId.c" succeeded.
Compiler: /Users/mgois/.espressif/tools/xtensa-esp32-elf/esp-2022r1-RC1-11.2.0/xtensa-esp32-elf/bin/xtensa-esp32-elf-gcc 
Build flags: -mlongcalls;-Wno-frame-address;
Id flags:  

The output was:
0


Compilation of the C compiler identification source "CMakeCCompilerId.c" produced "a.out"

The C compiler identification is GNU, found in "/Users/mgois/tcc/webserver_setup/build/CMakeFiles/3.23.2/CompilerIdC/a.out"

Compiling the CXX compiler identification source file "CMakeCXXCompilerId.cpp" succeeded.
Compiler: /Users/mgois/.espressif/tools/xtensa-esp32-elf/esp-2022r1-RC1-11.2.0/xtensa-esp32-elf/bin/xtensa-esp32-elf-g++ 
Build flags: -mlongcalls;-Wno-frame-address;
Id flags:  

The output was:
0


Compilation of the CXX compiler identification source "CMakeCXXCompilerId.cpp" produced "a.out"

The CXX compiler identification is GNU, found in "/Users/mgois/tcc/webserver_setup/build/CMakeFiles/3.23.2/CompilerIdCXX/a.out"

Checking whether the ASM compiler is GNU using "--version" matched "(GNU assembler)|(GCC)|(Free Software Foundation)":
xtensa-esp32-elf-gcc (crosstool-NG esp-2022r1-RC1) 11.2.0
Copyright (C) 2021 Free Software Foundation, Inc.
This is free software; see the source for copying conditions.  There is NO
warranty; not even for MERCHANTABILITY or FITNESS FOR A PARTICULAR PURPOSE.

Detecting C compiler ABI info compiled with the following output:
Change Dir: /Users/mgois/tcc/webserver_setup/build/CMakeFiles/CMakeTmp

Run Build Command(s):/opt/homebrew/bin/ninja cmTC_de7d0 && [1/2] Building C object CMakeFiles/cmTC_de7d0.dir/CMakeCCompilerABI.c.obj
Using built-in specs.
COLLECT_GCC=/Users/mgois/.espressif/tools/xtensa-esp32-elf/esp-2022r1-RC1-11.2.0/xtensa-esp32-elf/bin/xtensa-esp32-elf-gcc
Target: xtensa-esp32-elf
Configured with: /builds/idf/crosstool-NG/.build/HOST-x86_64-apple-darwin12/xtensa-esp32-elf/src/gcc/configure --build=x86_64-build_pc-linux-gnu --host=x86_64-host_apple-darwin12 --target=xtensa-esp32-elf --prefix=/builds/idf/crosstool-NG/builds/xtensa-esp32-elf --exec_prefix=/builds/idf/crosstool-NG/builds/xtensa-esp32-elf --with-local-prefix=/builds/idf/crosstool-NG/builds/xtensa-esp32-elf/xtensa-esp32-elf --with-headers=/builds/idf/crosstool-NG/builds/xtensa-esp32-elf/xtensa-esp32-elf/include --with-newlib --enable-threads=no --disable-shared --with-pkgversion='crosstool-NG esp-2022r1-RC1' --disable-__cxa_atexit --enable-cxx-flags=-ffunction-sections --disable-libgomp --disable-libmudflap --disable-libmpx --disable-libssp --disable-libquadmath --disable-libquadmath-support --disable-libstdcxx-verbose --with-gmp=/builds/idf/crosstool-NG/.build/HOST-x86_64-apple-darwin12/xtensa-esp32-elf/buildtools/complibs-host --with-mpfr=/builds/idf/crosstool-NG/.build/HOST-x86_64-apple-darwin12/xtensa-esp32-elf/buildtools/complibs-host --with-mpc=/builds/idf/crosstool-NG/.build/HOST-x86_64-apple-darwin12/xtensa-esp32-elf/buildtools/complibs-host --with-isl=/builds/idf/crosstool-NG/.build/HOST-x86_64-apple-darwin12/xtensa-esp32-elf/buildtools/complibs-host --enable-lto --enable-target-optspace --without-long-double-128 --disable-nls --enable-multiarch --enable-languages=c,c++ --disable-libstdcxx-verbose --enable-threads=posix --enable-gcov-custom-rtio --enable-libstdcxx-time=yes
Thread model: posix
Supported LTO compression algorithms: zlib
gcc version 11.2.0 (crosstool-NG esp-2022r1-RC1) 
COLLECT_GCC_OPTIONS='-mlongcalls' '-Wno-frame-address' '-v' '-o' 'CMakeFiles/cmTC_de7d0.dir/CMakeCCompilerABI.c.obj' '-c' '-dumpdir' 'CMakeFiles/cmTC_de7d0.dir/'
 /Users/mgois/.espressif/tools/xtensa-esp32-elf/esp-2022r1-RC1-11.2.0/xtensa-esp32-elf/bin/../libexec/gcc/xtensa-esp32-elf/11.2.0/cc1 -quiet -v -iprefix /Users/mgois/.espressif/tools/xtensa-esp32-elf/esp-2022r1-RC1-11.2.0/xtensa-esp32-elf/bin/../lib/gcc/xtensa-esp32-elf/11.2.0/ /opt/homebrew/Cellar/cmake/3.23.2/share/cmake/Modules/CMakeCCompilerABI.c -quiet -dumpdir CMakeFiles/cmTC_de7d0.dir/ -dumpbase CMakeCCompilerABI.c.c -dumpbase-ext .c -mlongcalls -Wno-frame-address -version -o /var/folders/df/ym0k_l25127bbz15x7tsvfg80000gn/T//ccVxbQu8.s
GNU C17 (crosstool-NG esp-2022r1-RC1) version 11.2.0 (xtensa-esp32-elf)
	compiled by GNU C version 8.3.0, GMP version 6.2.1, MPFR version 4.1.0, MPC version 1.2.1, isl version isl-0.24-GMP

GGC heuristics: --param ggc-min-expand=100 --param ggc-min-heapsize=131072
ignoring duplicate directory "/Users/mgois/.espressif/tools/xtensa-esp32-elf/esp-2022r1-RC1-11.2.0/xtensa-esp32-elf/bin/../lib/gcc/../../lib/gcc/xtensa-esp32-elf/11.2.0/include"
ignoring duplicate directory "/Users/mgois/.espressif/tools/xtensa-esp32-elf/esp-2022r1-RC1-11.2.0/xtensa-esp32-elf/bin/../lib/gcc/../../lib/gcc/xtensa-esp32-elf/11.2.0/include-fixed"
ignoring duplicate directory "/Users/mgois/.espressif/tools/xtensa-esp32-elf/esp-2022r1-RC1-11.2.0/xtensa-esp32-elf/bin/../lib/gcc/../../lib/gcc/xtensa-esp32-elf/11.2.0/../../../../xtensa-esp32-elf/sys-include"
ignoring duplicate directory "/Users/mgois/.espressif/tools/xtensa-esp32-elf/esp-2022r1-RC1-11.2.0/xtensa-esp32-elf/bin/../lib/gcc/../../lib/gcc/xtensa-esp32-elf/11.2.0/../../../../xtensa-esp32-elf/include"
#include "..." search starts here:
#include <...> search starts here:
 /Users/mgois/.espressif/tools/xtensa-esp32-elf/esp-2022r1-RC1-11.2.0/xtensa-esp32-elf/bin/../lib/gcc/xtensa-esp32-elf/11.2.0/include
 /Users/mgois/.espressif/tools/xtensa-esp32-elf/esp-2022r1-RC1-11.2.0/xtensa-esp32-elf/bin/../lib/gcc/xtensa-esp32-elf/11.2.0/include-fixed
 /Users/mgois/.espressif/tools/xtensa-esp32-elf/esp-2022r1-RC1-11.2.0/xtensa-esp32-elf/bin/../lib/gcc/xtensa-esp32-elf/11.2.0/../../../../xtensa-esp32-elf/sys-include
 /Users/mgois/.espressif/tools/xtensa-esp32-elf/esp-2022r1-RC1-11.2.0/xtensa-esp32-elf/bin/../lib/gcc/xtensa-esp32-elf/11.2.0/../../../../xtensa-esp32-elf/include
End of search list.
GNU C17 (crosstool-NG esp-2022r1-RC1) version 11.2.0 (xtensa-esp32-elf)
	compiled by GNU C version 8.3.0, GMP version 6.2.1, MPFR version 4.1.0, MPC version 1.2.1, isl version isl-0.24-GMP

GGC heuristics: --param ggc-min-expand=100 --param ggc-min-heapsize=131072
Compiler executable checksum: ca8171ace035f51525e54a61beb86bc9
COLLECT_GCC_OPTIONS='-mlongcalls' '-Wno-frame-address' '-v' '-o' 'CMakeFiles/cmTC_de7d0.dir/CMakeCCompilerABI.c.obj' '-c' '-dumpdir' 'CMakeFiles/cmTC_de7d0.dir/'
 /Users/mgois/.espressif/tools/xtensa-esp32-elf/esp-2022r1-RC1-11.2.0/xtensa-esp32-elf/bin/../lib/gcc/xtensa-esp32-elf/11.2.0/../../../../xtensa-esp32-elf/bin/as --traditional-format --longcalls -o CMakeFiles/cmTC_de7d0.dir/CMakeCCompilerABI.c.obj /var/folders/df/ym0k_l25127bbz15x7tsvfg80000gn/T//ccVxbQu8.s
COMPILER_PATH=/Users/mgois/.espressif/tools/xtensa-esp32-elf/esp-2022r1-RC1-11.2.0/xtensa-esp32-elf/bin/../libexec/gcc/xtensa-esp32-elf/11.2.0/:/Users/mgois/.espressif/tools/xtensa-esp32-elf/esp-2022r1-RC1-11.2.0/xtensa-esp32-elf/bin/../libexec/gcc/:/Users/mgois/.espressif/tools/xtensa-esp32-elf/esp-2022r1-RC1-11.2.0/xtensa-esp32-elf/bin/../lib/gcc/xtensa-esp32-elf/11.2.0/../../../../xtensa-esp32-elf/bin/
LIBRARY_PATH=/Users/mgois/.espressif/tools/xtensa-esp32-elf/esp-2022r1-RC1-11.2.0/xtensa-esp32-elf/bin/../lib/gcc/xtensa-esp32-elf/11.2.0/:/Users/mgois/.espressif/tools/xtensa-esp32-elf/esp-2022r1-RC1-11.2.0/xtensa-esp32-elf/bin/../lib/gcc/:/Users/mgois/.espressif/tools/xtensa-esp32-elf/esp-2022r1-RC1-11.2.0/xtensa-esp32-elf/bin/../lib/gcc/xtensa-esp32-elf/11.2.0/../../../../xtensa-esp32-elf/lib/
COLLECT_GCC_OPTIONS='-mlongcalls' '-Wno-frame-address' '-v' '-o' 'CMakeFiles/cmTC_de7d0.dir/CMakeCCompilerABI.c.obj' '-c' '-dumpdir' 'CMakeFiles/cmTC_de7d0.dir/CMakeCCompilerABI.c.'
[2/2] Linking C executable cmTC_de7d0
Using built-in specs.
COLLECT_GCC=/Users/mgois/.espressif/tools/xtensa-esp32-elf/esp-2022r1-RC1-11.2.0/xtensa-esp32-elf/bin/xtensa-esp32-elf-gcc
COLLECT_LTO_WRAPPER=/Users/mgois/.espressif/tools/xtensa-esp32-elf/esp-2022r1-RC1-11.2.0/xtensa-esp32-elf/bin/../libexec/gcc/xtensa-esp32-elf/11.2.0/lto-wrapper
Target: xtensa-esp32-elf
Configured with: /builds/idf/crosstool-NG/.build/HOST-x86_64-apple-darwin12/xtensa-esp32-elf/src/gcc/configure --build=x86_64-build_pc-linux-gnu --host=x86_64-host_apple-darwin12 --target=xtensa-esp32-elf --prefix=/builds/idf/crosstool-NG/builds/xtensa-esp32-elf --exec_prefix=/builds/idf/crosstool-NG/builds/xtensa-esp32-elf --with-local-prefix=/builds/idf/crosstool-NG/builds/xtensa-esp32-elf/xtensa-esp32-elf --with-headers=/builds/idf/crosstool-NG/builds/xtensa-esp32-elf/xtensa-esp32-elf/include --with-newlib --enable-threads=no --disable-shared --with-pkgversion='crosstool-NG esp-2022r1-RC1' --disable-__cxa_atexit --enable-cxx-flags=-ffunction-sections --disable-libgomp --disable-libmudflap --disable-libmpx --disable-libssp --disable-libquadmath --disable-libquadmath-support --disable-libstdcxx-verbose --with-gmp=/builds/idf/crosstool-NG/.build/HOST-x86_64-apple-darwin12/xtensa-esp32-elf/buildtools/complibs-host --with-mpfr=/builds/idf/crosstool-NG/.build/HOST-x86_64-apple-darwin12/xtensa-esp32-elf/buildtools/complibs-host --with-mpc=/builds/idf/crosstool-NG/.build/HOST-x86_64-apple-darwin12/xtensa-esp32-elf/buildtools/complibs-host --with-isl=/builds/idf/crosstool-NG/.build/HOST-x86_64-apple-darwin12/xtensa-esp32-elf/buildtools/complibs-host --enable-lto --enable-target-optspace --without-long-double-128 --disable-nls --enable-multiarch --enable-languages=c,c++ --disable-libstdcxx-verbose --enable-threads=posix --enable-gcov-custom-rtio --enable-libstdcxx-time=yes
Thread model: posix
Supported LTO compression algorithms: zlib
gcc version 11.2.0 (crosstool-NG esp-2022r1-RC1) 
COMPILER_PATH=/Users/mgois/.espressif/tools/xtensa-esp32-elf/esp-2022r1-RC1-11.2.0/xtensa-esp32-elf/bin/../libexec/gcc/xtensa-esp32-elf/11.2.0/:/Users/mgois/.espressif/tools/xtensa-esp32-elf/esp-2022r1-RC1-11.2.0/xtensa-esp32-elf/bin/../libexec/gcc/:/Users/mgois/.espressif/tools/xtensa-esp32-elf/esp-2022r1-RC1-11.2.0/xtensa-esp32-elf/bin/../lib/gcc/xtensa-esp32-elf/11.2.0/../../../../xtensa-esp32-elf/bin/
LIBRARY_PATH=/Users/mgois/.espressif/tools/xtensa-esp32-elf/esp-2022r1-RC1-11.2.0/xtensa-esp32-elf/bin/../lib/gcc/xtensa-esp32-elf/11.2.0/:/Users/mgois/.espressif/tools/xtensa-esp32-elf/esp-2022r1-RC1-11.2.0/xtensa-esp32-elf/bin/../lib/gcc/:/Users/mgois/.espressif/tools/xtensa-esp32-elf/esp-2022r1-RC1-11.2.0/xtensa-esp32-elf/bin/../lib/gcc/xtensa-esp32-elf/11.2.0/../../../../xtensa-esp32-elf/lib/
COLLECT_GCC_OPTIONS='-mlongcalls' '-Wno-frame-address' '-v' '-o' 'cmTC_de7d0' '-dumpdir' 'cmTC_de7d0.'
 /Users/mgois/.espressif/tools/xtensa-esp32-elf/esp-2022r1-RC1-11.2.0/xtensa-esp32-elf/bin/../libexec/gcc/xtensa-esp32-elf/11.2.0/collect2 -plugin /Users/mgois/.espressif/tools/xtensa-esp32-elf/esp-2022r1-RC1-11.2.0/xtensa-esp32-elf/bin/../libexec/gcc/xtensa-esp32-elf/11.2.0/liblto_plugin.so -plugin-opt=/Users/mgois/.espressif/tools/xtensa-esp32-elf/esp-2022r1-RC1-11.2.0/xtensa-esp32-elf/bin/../libexec/gcc/xtensa-esp32-elf/11.2.0/lto-wrapper -plugin-opt=-fresolution=/var/folders/df/ym0k_l25127bbz15x7tsvfg80000gn/T//ccFHathv.res -plugin-opt=-pass-through=-lgcc -plugin-opt=-pass-through=-lc -plugin-opt=-pass-through=-lnosys -plugin-opt=-pass-through=-lc -plugin-opt=-pass-through=-lgcc -o cmTC_de7d0 /Users/mgois/.espressif/tools/xtensa-esp32-elf/esp-2022r1-RC1-11.2.0/xtensa-esp32-elf/bin/../lib/gcc/xtensa-esp32-elf/11.2.0/../../../../xtensa-esp32-elf/lib/crt0.o /Users/mgois/.espressif/tools/xtensa-esp32-elf/esp-2022r1-RC1-11.2.0/xtensa-esp32-elf/bin/../lib/gcc/xtensa-esp32-elf/11.2.0/crti.o /Users/mgois/.espressif/tools/xtensa-esp32-elf/esp-2022r1-RC1-11.2.0/xtensa-esp32-elf/bin/../lib/gcc/xtensa-esp32-elf/11.2.0/crtbegin.o -L/Users/mgois/.espressif/tools/xtensa-esp32-elf/esp-2022r1-RC1-11.2.0/xtensa-esp32-elf/bin/../lib/gcc/xtensa-esp32-elf/11.2.0 -L/Users/mgois/.espressif/tools/xtensa-esp32-elf/esp-2022r1-RC1-11.2.0/xtensa-esp32-elf/bin/../lib/gcc -L/Users/mgois/.espressif/tools/xtensa-esp32-elf/esp-2022r1-RC1-11.2.0/xtensa-esp32-elf/bin/../lib/gcc/xtensa-esp32-elf/11.2.0/../../../../xtensa-esp32-elf/lib CMakeFiles/cmTC_de7d0.dir/CMakeCCompilerABI.c.obj -lgcc -lc -lnosys -lc -lgcc /Users/mgois/.espressif/tools/xtensa-esp32-elf/esp-2022r1-RC1-11.2.0/xtensa-esp32-elf/bin/../lib/gcc/xtensa-esp32-elf/11.2.0/crtend.o /Users/mgois/.espressif/tools/xtensa-esp32-elf/esp-2022r1-RC1-11.2.0/xtensa-esp32-elf/bin/../lib/gcc/xtensa-esp32-elf/11.2.0/crtn.o
COLLECT_GCC_OPTIONS='-mlongcalls' '-Wno-frame-address' '-v' '-o' 'cmTC_de7d0' '-dumpdir' 'cmTC_de7d0.'



Parsed C implicit include dir info from above output: rv=done
  found start of include info
  found start of implicit include info
    add: [/Users/mgois/.espressif/tools/xtensa-esp32-elf/esp-2022r1-RC1-11.2.0/xtensa-esp32-elf/bin/../lib/gcc/xtensa-esp32-elf/11.2.0/include]
    add: [/Users/mgois/.espressif/tools/xtensa-esp32-elf/esp-2022r1-RC1-11.2.0/xtensa-esp32-elf/bin/../lib/gcc/xtensa-esp32-elf/11.2.0/include-fixed]
    add: [/Users/mgois/.espressif/tools/xtensa-esp32-elf/esp-2022r1-RC1-11.2.0/xtensa-esp32-elf/bin/../lib/gcc/xtensa-esp32-elf/11.2.0/../../../../xtensa-esp32-elf/sys-include]
    add: [/Users/mgois/.espressif/tools/xtensa-esp32-elf/esp-2022r1-RC1-11.2.0/xtensa-esp32-elf/bin/../lib/gcc/xtensa-esp32-elf/11.2.0/../../../../xtensa-esp32-elf/include]
  end of search list found
  collapse include dir [/Users/mgois/.espressif/tools/xtensa-esp32-elf/esp-2022r1-RC1-11.2.0/xtensa-esp32-elf/bin/../lib/gcc/xtensa-esp32-elf/11.2.0/include] ==> [/Users/mgois/.espressif/tools/xtensa-esp32-elf/esp-2022r1-RC1-11.2.0/xtensa-esp32-elf/lib/gcc/xtensa-esp32-elf/11.2.0/include]
  collapse include dir [/Users/mgois/.espressif/tools/xtensa-esp32-elf/esp-2022r1-RC1-11.2.0/xtensa-esp32-elf/bin/../lib/gcc/xtensa-esp32-elf/11.2.0/include-fixed] ==> [/Users/mgois/.espressif/tools/xtensa-esp32-elf/esp-2022r1-RC1-11.2.0/xtensa-esp32-elf/lib/gcc/xtensa-esp32-elf/11.2.0/include-fixed]
  collapse include dir [/Users/mgois/.espressif/tools/xtensa-esp32-elf/esp-2022r1-RC1-11.2.0/xtensa-esp32-elf/bin/../lib/gcc/xtensa-esp32-elf/11.2.0/../../../../xtensa-esp32-elf/sys-include] ==> [/Users/mgois/.espressif/tools/xtensa-esp32-elf/esp-2022r1-RC1-11.2.0/xtensa-esp32-elf/xtensa-esp32-elf/sys-include]
  collapse include dir [/Users/mgois/.espressif/tools/xtensa-esp32-elf/esp-2022r1-RC1-11.2.0/xtensa-esp32-elf/bin/../lib/gcc/xtensa-esp32-elf/11.2.0/../../../../xtensa-esp32-elf/include] ==> [/Users/mgois/.espressif/tools/xtensa-esp32-elf/esp-2022r1-RC1-11.2.0/xtensa-esp32-elf/xtensa-esp32-elf/include]
  implicit include dirs: [/Users/mgois/.espressif/tools/xtensa-esp32-elf/esp-2022r1-RC1-11.2.0/xtensa-esp32-elf/lib/gcc/xtensa-esp32-elf/11.2.0/include;/Users/mgois/.espressif/tools/xtensa-esp32-elf/esp-2022r1-RC1-11.2.0/xtensa-esp32-elf/lib/gcc/xtensa-esp32-elf/11.2.0/include-fixed;/Users/mgois/.espressif/tools/xtensa-esp32-elf/esp-2022r1-RC1-11.2.0/xtensa-esp32-elf/xtensa-esp32-elf/sys-include;/Users/mgois/.espressif/tools/xtensa-esp32-elf/esp-2022r1-RC1-11.2.0/xtensa-esp32-elf/xtensa-esp32-elf/include]


Parsed C implicit link information from above output:
  link line regex: [^( *|.*[/\])(xtensa-esp32-elf-ld|CMAKE_LINK_STARTFILE-NOTFOUND|([^/\]+-)?ld|collect2)[^/\]*( |$)]
  ignore line: [Change Dir: /Users/mgois/tcc/webserver_setup/build/CMakeFiles/CMakeTmp]
  ignore line: []
  ignore line: [Run Build Command(s):/opt/homebrew/bin/ninja cmTC_de7d0 && [1/2] Building C object CMakeFiles/cmTC_de7d0.dir/CMakeCCompilerABI.c.obj]
  ignore line: [Using built-in specs.]
  ignore line: [COLLECT_GCC=/Users/mgois/.espressif/tools/xtensa-esp32-elf/esp-2022r1-RC1-11.2.0/xtensa-esp32-elf/bin/xtensa-esp32-elf-gcc]
  ignore line: [Target: xtensa-esp32-elf]
  ignore line: [Configured with: /builds/idf/crosstool-NG/.build/HOST-x86_64-apple-darwin12/xtensa-esp32-elf/src/gcc/configure --build=x86_64-build_pc-linux-gnu --host=x86_64-host_apple-darwin12 --target=xtensa-esp32-elf --prefix=/builds/idf/crosstool-NG/builds/xtensa-esp32-elf --exec_prefix=/builds/idf/crosstool-NG/builds/xtensa-esp32-elf --with-local-prefix=/builds/idf/crosstool-NG/builds/xtensa-esp32-elf/xtensa-esp32-elf --with-headers=/builds/idf/crosstool-NG/builds/xtensa-esp32-elf/xtensa-esp32-elf/include --with-newlib --enable-threads=no --disable-shared --with-pkgversion='crosstool-NG esp-2022r1-RC1' --disable-__cxa_atexit --enable-cxx-flags=-ffunction-sections --disable-libgomp --disable-libmudflap --disable-libmpx --disable-libssp --disable-libquadmath --disable-libquadmath-support --disable-libstdcxx-verbose --with-gmp=/builds/idf/crosstool-NG/.build/HOST-x86_64-apple-darwin12/xtensa-esp32-elf/buildtools/complibs-host --with-mpfr=/builds/idf/crosstool-NG/.build/HOST-x86_64-apple-darwin12/xtensa-esp32-elf/buildtools/complibs-host --with-mpc=/builds/idf/crosstool-NG/.build/HOST-x86_64-apple-darwin12/xtensa-esp32-elf/buildtools/complibs-host --with-isl=/builds/idf/crosstool-NG/.build/HOST-x86_64-apple-darwin12/xtensa-esp32-elf/buildtools/complibs-host --enable-lto --enable-target-optspace --without-long-double-128 --disable-nls --enable-multiarch --enable-languages=c c++ --disable-libstdcxx-verbose --enable-threads=posix --enable-gcov-custom-rtio --enable-libstdcxx-time=yes]
  ignore line: [Thread model: posix]
  ignore line: [Supported LTO compression algorithms: zlib]
  ignore line: [gcc version 11.2.0 (crosstool-NG esp-2022r1-RC1) ]
  ignore line: [COLLECT_GCC_OPTIONS='-mlongcalls' '-Wno-frame-address' '-v' '-o' 'CMakeFiles/cmTC_de7d0.dir/CMakeCCompilerABI.c.obj' '-c' '-dumpdir' 'CMakeFiles/cmTC_de7d0.dir/']
  ignore line: [ /Users/mgois/.espressif/tools/xtensa-esp32-elf/esp-2022r1-RC1-11.2.0/xtensa-esp32-elf/bin/../libexec/gcc/xtensa-esp32-elf/11.2.0/cc1 -quiet -v -iprefix /Users/mgois/.espressif/tools/xtensa-esp32-elf/esp-2022r1-RC1-11.2.0/xtensa-esp32-elf/bin/../lib/gcc/xtensa-esp32-elf/11.2.0/ /opt/homebrew/Cellar/cmake/3.23.2/share/cmake/Modules/CMakeCCompilerABI.c -quiet -dumpdir CMakeFiles/cmTC_de7d0.dir/ -dumpbase CMakeCCompilerABI.c.c -dumpbase-ext .c -mlongcalls -Wno-frame-address -version -o /var/folders/df/ym0k_l25127bbz15x7tsvfg80000gn/T//ccVxbQu8.s]
  ignore line: [GNU C17 (crosstool-NG esp-2022r1-RC1) version 11.2.0 (xtensa-esp32-elf)]
  ignore line: [	compiled by GNU C version 8.3.0  GMP version 6.2.1  MPFR version 4.1.0  MPC version 1.2.1  isl version isl-0.24-GMP]
  ignore line: []
  ignore line: [GGC heuristics: --param ggc-min-expand=100 --param ggc-min-heapsize=131072]
  ignore line: [ignoring duplicate directory "/Users/mgois/.espressif/tools/xtensa-esp32-elf/esp-2022r1-RC1-11.2.0/xtensa-esp32-elf/bin/../lib/gcc/../../lib/gcc/xtensa-esp32-elf/11.2.0/include"]
  ignore line: [ignoring duplicate directory "/Users/mgois/.espressif/tools/xtensa-esp32-elf/esp-2022r1-RC1-11.2.0/xtensa-esp32-elf/bin/../lib/gcc/../../lib/gcc/xtensa-esp32-elf/11.2.0/include-fixed"]
  ignore line: [ignoring duplicate directory "/Users/mgois/.espressif/tools/xtensa-esp32-elf/esp-2022r1-RC1-11.2.0/xtensa-esp32-elf/bin/../lib/gcc/../../lib/gcc/xtensa-esp32-elf/11.2.0/../../../../xtensa-esp32-elf/sys-include"]
  ignore line: [ignoring duplicate directory "/Users/mgois/.espressif/tools/xtensa-esp32-elf/esp-2022r1-RC1-11.2.0/xtensa-esp32-elf/bin/../lib/gcc/../../lib/gcc/xtensa-esp32-elf/11.2.0/../../../../xtensa-esp32-elf/include"]
  ignore line: [#include "..." search starts here:]
  ignore line: [#include <...> search starts here:]
  ignore line: [ /Users/mgois/.espressif/tools/xtensa-esp32-elf/esp-2022r1-RC1-11.2.0/xtensa-esp32-elf/bin/../lib/gcc/xtensa-esp32-elf/11.2.0/include]
  ignore line: [ /Users/mgois/.espressif/tools/xtensa-esp32-elf/esp-2022r1-RC1-11.2.0/xtensa-esp32-elf/bin/../lib/gcc/xtensa-esp32-elf/11.2.0/include-fixed]
  ignore line: [ /Users/mgois/.espressif/tools/xtensa-esp32-elf/esp-2022r1-RC1-11.2.0/xtensa-esp32-elf/bin/../lib/gcc/xtensa-esp32-elf/11.2.0/../../../../xtensa-esp32-elf/sys-include]
  ignore line: [ /Users/mgois/.espressif/tools/xtensa-esp32-elf/esp-2022r1-RC1-11.2.0/xtensa-esp32-elf/bin/../lib/gcc/xtensa-esp32-elf/11.2.0/../../../../xtensa-esp32-elf/include]
  ignore line: [End of search list.]
  ignore line: [GNU C17 (crosstool-NG esp-2022r1-RC1) version 11.2.0 (xtensa-esp32-elf)]
  ignore line: [	compiled by GNU C version 8.3.0  GMP version 6.2.1  MPFR version 4.1.0  MPC version 1.2.1  isl version isl-0.24-GMP]
  ignore line: []
  ignore line: [GGC heuristics: --param ggc-min-expand=100 --param ggc-min-heapsize=131072]
  ignore line: [Compiler executable checksum: ca8171ace035f51525e54a61beb86bc9]
  ignore line: [COLLECT_GCC_OPTIONS='-mlongcalls' '-Wno-frame-address' '-v' '-o' 'CMakeFiles/cmTC_de7d0.dir/CMakeCCompilerABI.c.obj' '-c' '-dumpdir' 'CMakeFiles/cmTC_de7d0.dir/']
  ignore line: [ /Users/mgois/.espressif/tools/xtensa-esp32-elf/esp-2022r1-RC1-11.2.0/xtensa-esp32-elf/bin/../lib/gcc/xtensa-esp32-elf/11.2.0/../../../../xtensa-esp32-elf/bin/as --traditional-format --longcalls -o CMakeFiles/cmTC_de7d0.dir/CMakeCCompilerABI.c.obj /var/folders/df/ym0k_l25127bbz15x7tsvfg80000gn/T//ccVxbQu8.s]
  ignore line: [COMPILER_PATH=/Users/mgois/.espressif/tools/xtensa-esp32-elf/esp-2022r1-RC1-11.2.0/xtensa-esp32-elf/bin/../libexec/gcc/xtensa-esp32-elf/11.2.0/:/Users/mgois/.espressif/tools/xtensa-esp32-elf/esp-2022r1-RC1-11.2.0/xtensa-esp32-elf/bin/../libexec/gcc/:/Users/mgois/.espressif/tools/xtensa-esp32-elf/esp-2022r1-RC1-11.2.0/xtensa-esp32-elf/bin/../lib/gcc/xtensa-esp32-elf/11.2.0/../../../../xtensa-esp32-elf/bin/]
  ignore line: [LIBRARY_PATH=/Users/mgois/.espressif/tools/xtensa-esp32-elf/esp-2022r1-RC1-11.2.0/xtensa-esp32-elf/bin/../lib/gcc/xtensa-esp32-elf/11.2.0/:/Users/mgois/.espressif/tools/xtensa-esp32-elf/esp-2022r1-RC1-11.2.0/xtensa-esp32-elf/bin/../lib/gcc/:/Users/mgois/.espressif/tools/xtensa-esp32-elf/esp-2022r1-RC1-11.2.0/xtensa-esp32-elf/bin/../lib/gcc/xtensa-esp32-elf/11.2.0/../../../../xtensa-esp32-elf/lib/]
  ignore line: [COLLECT_GCC_OPTIONS='-mlongcalls' '-Wno-frame-address' '-v' '-o' 'CMakeFiles/cmTC_de7d0.dir/CMakeCCompilerABI.c.obj' '-c' '-dumpdir' 'CMakeFiles/cmTC_de7d0.dir/CMakeCCompilerABI.c.']
  ignore line: [[2/2] Linking C executable cmTC_de7d0]
  ignore line: [Using built-in specs.]
  ignore line: [COLLECT_GCC=/Users/mgois/.espressif/tools/xtensa-esp32-elf/esp-2022r1-RC1-11.2.0/xtensa-esp32-elf/bin/xtensa-esp32-elf-gcc]
  ignore line: [COLLECT_LTO_WRAPPER=/Users/mgois/.espressif/tools/xtensa-esp32-elf/esp-2022r1-RC1-11.2.0/xtensa-esp32-elf/bin/../libexec/gcc/xtensa-esp32-elf/11.2.0/lto-wrapper]
  ignore line: [Target: xtensa-esp32-elf]
  ignore line: [Configured with: /builds/idf/crosstool-NG/.build/HOST-x86_64-apple-darwin12/xtensa-esp32-elf/src/gcc/configure --build=x86_64-build_pc-linux-gnu --host=x86_64-host_apple-darwin12 --target=xtensa-esp32-elf --prefix=/builds/idf/crosstool-NG/builds/xtensa-esp32-elf --exec_prefix=/builds/idf/crosstool-NG/builds/xtensa-esp32-elf --with-local-prefix=/builds/idf/crosstool-NG/builds/xtensa-esp32-elf/xtensa-esp32-elf --with-headers=/builds/idf/crosstool-NG/builds/xtensa-esp32-elf/xtensa-esp32-elf/include --with-newlib --enable-threads=no --disable-shared --with-pkgversion='crosstool-NG esp-2022r1-RC1' --disable-__cxa_atexit --enable-cxx-flags=-ffunction-sections --disable-libgomp --disable-libmudflap --disable-libmpx --disable-libssp --disable-libquadmath --disable-libquadmath-support --disable-libstdcxx-verbose --with-gmp=/builds/idf/crosstool-NG/.build/HOST-x86_64-apple-darwin12/xtensa-esp32-elf/buildtools/complibs-host --with-mpfr=/builds/idf/crosstool-NG/.build/HOST-x86_64-apple-darwin12/xtensa-esp32-elf/buildtools/complibs-host --with-mpc=/builds/idf/crosstool-NG/.build/HOST-x86_64-apple-darwin12/xtensa-esp32-elf/buildtools/complibs-host --with-isl=/builds/idf/crosstool-NG/.build/HOST-x86_64-apple-darwin12/xtensa-esp32-elf/buildtools/complibs-host --enable-lto --enable-target-optspace --without-long-double-128 --disable-nls --enable-multiarch --enable-languages=c c++ --disable-libstdcxx-verbose --enable-threads=posix --enable-gcov-custom-rtio --enable-libstdcxx-time=yes]
  ignore line: [Thread model: posix]
  ignore line: [Supported LTO compression algorithms: zlib]
  ignore line: [gcc version 11.2.0 (crosstool-NG esp-2022r1-RC1) ]
  ignore line: [COMPILER_PATH=/Users/mgois/.espressif/tools/xtensa-esp32-elf/esp-2022r1-RC1-11.2.0/xtensa-esp32-elf/bin/../libexec/gcc/xtensa-esp32-elf/11.2.0/:/Users/mgois/.espressif/tools/xtensa-esp32-elf/esp-2022r1-RC1-11.2.0/xtensa-esp32-elf/bin/../libexec/gcc/:/Users/mgois/.espressif/tools/xtensa-esp32-elf/esp-2022r1-RC1-11.2.0/xtensa-esp32-elf/bin/../lib/gcc/xtensa-esp32-elf/11.2.0/../../../../xtensa-esp32-elf/bin/]
  ignore line: [LIBRARY_PATH=/Users/mgois/.espressif/tools/xtensa-esp32-elf/esp-2022r1-RC1-11.2.0/xtensa-esp32-elf/bin/../lib/gcc/xtensa-esp32-elf/11.2.0/:/Users/mgois/.espressif/tools/xtensa-esp32-elf/esp-2022r1-RC1-11.2.0/xtensa-esp32-elf/bin/../lib/gcc/:/Users/mgois/.espressif/tools/xtensa-esp32-elf/esp-2022r1-RC1-11.2.0/xtensa-esp32-elf/bin/../lib/gcc/xtensa-esp32-elf/11.2.0/../../../../xtensa-esp32-elf/lib/]
  ignore line: [COLLECT_GCC_OPTIONS='-mlongcalls' '-Wno-frame-address' '-v' '-o' 'cmTC_de7d0' '-dumpdir' 'cmTC_de7d0.']
  link line: [ /Users/mgois/.espressif/tools/xtensa-esp32-elf/esp-2022r1-RC1-11.2.0/xtensa-esp32-elf/bin/../libexec/gcc/xtensa-esp32-elf/11.2.0/collect2 -plugin /Users/mgois/.espressif/tools/xtensa-esp32-elf/esp-2022r1-RC1-11.2.0/xtensa-esp32-elf/bin/../libexec/gcc/xtensa-esp32-elf/11.2.0/liblto_plugin.so -plugin-opt=/Users/mgois/.espressif/tools/xtensa-esp32-elf/esp-2022r1-RC1-11.2.0/xtensa-esp32-elf/bin/../libexec/gcc/xtensa-esp32-elf/11.2.0/lto-wrapper -plugin-opt=-fresolution=/var/folders/df/ym0k_l25127bbz15x7tsvfg80000gn/T//ccFHathv.res -plugin-opt=-pass-through=-lgcc -plugin-opt=-pass-through=-lc -plugin-opt=-pass-through=-lnosys -plugin-opt=-pass-through=-lc -plugin-opt=-pass-through=-lgcc -o cmTC_de7d0 /Users/mgois/.espressif/tools/xtensa-esp32-elf/esp-2022r1-RC1-11.2.0/xtensa-esp32-elf/bin/../lib/gcc/xtensa-esp32-elf/11.2.0/../../../../xtensa-esp32-elf/lib/crt0.o /Users/mgois/.espressif/tools/xtensa-esp32-elf/esp-2022r1-RC1-11.2.0/xtensa-esp32-elf/bin/../lib/gcc/xtensa-esp32-elf/11.2.0/crti.o /Users/mgois/.espressif/tools/xtensa-esp32-elf/esp-2022r1-RC1-11.2.0/xtensa-esp32-elf/bin/../lib/gcc/xtensa-esp32-elf/11.2.0/crtbegin.o -L/Users/mgois/.espressif/tools/xtensa-esp32-elf/esp-2022r1-RC1-11.2.0/xtensa-esp32-elf/bin/../lib/gcc/xtensa-esp32-elf/11.2.0 -L/Users/mgois/.espressif/tools/xtensa-esp32-elf/esp-2022r1-RC1-11.2.0/xtensa-esp32-elf/bin/../lib/gcc -L/Users/mgois/.espressif/tools/xtensa-esp32-elf/esp-2022r1-RC1-11.2.0/xtensa-esp32-elf/bin/../lib/gcc/xtensa-esp32-elf/11.2.0/../../../../xtensa-esp32-elf/lib CMakeFiles/cmTC_de7d0.dir/CMakeCCompilerABI.c.obj -lgcc -lc -lnosys -lc -lgcc /Users/mgois/.espressif/tools/xtensa-esp32-elf/esp-2022r1-RC1-11.2.0/xtensa-esp32-elf/bin/../lib/gcc/xtensa-esp32-elf/11.2.0/crtend.o /Users/mgois/.espressif/tools/xtensa-esp32-elf/esp-2022r1-RC1-11.2.0/xtensa-esp32-elf/bin/../lib/gcc/xtensa-esp32-elf/11.2.0/crtn.o]
    arg [/Users/mgois/.espressif/tools/xtensa-esp32-elf/esp-2022r1-RC1-11.2.0/xtensa-esp32-elf/bin/../libexec/gcc/xtensa-esp32-elf/11.2.0/collect2] ==> ignore
    arg [-plugin] ==> ignore
    arg [/Users/mgois/.espressif/tools/xtensa-esp32-elf/esp-2022r1-RC1-11.2.0/xtensa-esp32-elf/bin/../libexec/gcc/xtensa-esp32-elf/11.2.0/liblto_plugin.so] ==> ignore
    arg [-plugin-opt=/Users/mgois/.espressif/tools/xtensa-esp32-elf/esp-2022r1-RC1-11.2.0/xtensa-esp32-elf/bin/../libexec/gcc/xtensa-esp32-elf/11.2.0/lto-wrapper] ==> ignore
    arg [-plugin-opt=-fresolution=/var/folders/df/ym0k_l25127bbz15x7tsvfg80000gn/T//ccFHathv.res] ==> ignore
    arg [-plugin-opt=-pass-through=-lgcc] ==> ignore
    arg [-plugin-opt=-pass-through=-lc] ==> ignore
    arg [-plugin-opt=-pass-through=-lnosys] ==> ignore
    arg [-plugin-opt=-pass-through=-lc] ==> ignore
    arg [-plugin-opt=-pass-through=-lgcc] ==> ignore
    arg [-o] ==> ignore
    arg [cmTC_de7d0] ==> ignore
    arg [/Users/mgois/.espressif/tools/xtensa-esp32-elf/esp-2022r1-RC1-11.2.0/xtensa-esp32-elf/bin/../lib/gcc/xtensa-esp32-elf/11.2.0/../../../../xtensa-esp32-elf/lib/crt0.o] ==> obj [/Users/mgois/.espressif/tools/xtensa-esp32-elf/esp-2022r1-RC1-11.2.0/xtensa-esp32-elf/bin/../lib/gcc/xtensa-esp32-elf/11.2.0/../../../../xtensa-esp32-elf/lib/crt0.o]
    arg [/Users/mgois/.espressif/tools/xtensa-esp32-elf/esp-2022r1-RC1-11.2.0/xtensa-esp32-elf/bin/../lib/gcc/xtensa-esp32-elf/11.2.0/crti.o] ==> obj [/Users/mgois/.espressif/tools/xtensa-esp32-elf/esp-2022r1-RC1-11.2.0/xtensa-esp32-elf/bin/../lib/gcc/xtensa-esp32-elf/11.2.0/crti.o]
    arg [/Users/mgois/.espressif/tools/xtensa-esp32-elf/esp-2022r1-RC1-11.2.0/xtensa-esp32-elf/bin/../lib/gcc/xtensa-esp32-elf/11.2.0/crtbegin.o] ==> obj [/Users/mgois/.espressif/tools/xtensa-esp32-elf/esp-2022r1-RC1-11.2.0/xtensa-esp32-elf/bin/../lib/gcc/xtensa-esp32-elf/11.2.0/crtbegin.o]
    arg [-L/Users/mgois/.espressif/tools/xtensa-esp32-elf/esp-2022r1-RC1-11.2.0/xtensa-esp32-elf/bin/../lib/gcc/xtensa-esp32-elf/11.2.0] ==> dir [/Users/mgois/.espressif/tools/xtensa-esp32-elf/esp-2022r1-RC1-11.2.0/xtensa-esp32-elf/bin/../lib/gcc/xtensa-esp32-elf/11.2.0]
    arg [-L/Users/mgois/.espressif/tools/xtensa-esp32-elf/esp-2022r1-RC1-11.2.0/xtensa-esp32-elf/bin/../lib/gcc] ==> dir [/Users/mgois/.espressif/tools/xtensa-esp32-elf/esp-2022r1-RC1-11.2.0/xtensa-esp32-elf/bin/../lib/gcc]
    arg [-L/Users/mgois/.espressif/tools/xtensa-esp32-elf/esp-2022r1-RC1-11.2.0/xtensa-esp32-elf/bin/../lib/gcc/xtensa-esp32-elf/11.2.0/../../../../xtensa-esp32-elf/lib] ==> dir [/Users/mgois/.espressif/tools/xtensa-esp32-elf/esp-2022r1-RC1-11.2.0/xtensa-esp32-elf/bin/../lib/gcc/xtensa-esp32-elf/11.2.0/../../../../xtensa-esp32-elf/lib]
    arg [CMakeFiles/cmTC_de7d0.dir/CMakeCCompilerABI.c.obj] ==> ignore
    arg [-lgcc] ==> lib [gcc]
    arg [-lc] ==> lib [c]
    arg [-lnosys] ==> lib [nosys]
    arg [-lc] ==> lib [c]
    arg [-lgcc] ==> lib [gcc]
    arg [/Users/mgois/.espressif/tools/xtensa-esp32-elf/esp-2022r1-RC1-11.2.0/xtensa-esp32-elf/bin/../lib/gcc/xtensa-esp32-elf/11.2.0/crtend.o] ==> obj [/Users/mgois/.espressif/tools/xtensa-esp32-elf/esp-2022r1-RC1-11.2.0/xtensa-esp32-elf/bin/../lib/gcc/xtensa-esp32-elf/11.2.0/crtend.o]
    arg [/Users/mgois/.espressif/tools/xtensa-esp32-elf/esp-2022r1-RC1-11.2.0/xtensa-esp32-elf/bin/../lib/gcc/xtensa-esp32-elf/11.2.0/crtn.o] ==> obj [/Users/mgois/.espressif/tools/xtensa-esp32-elf/esp-2022r1-RC1-11.2.0/xtensa-esp32-elf/bin/../lib/gcc/xtensa-esp32-elf/11.2.0/crtn.o]
  collapse obj [/Users/mgois/.espressif/tools/xtensa-esp32-elf/esp-2022r1-RC1-11.2.0/xtensa-esp32-elf/bin/../lib/gcc/xtensa-esp32-elf/11.2.0/../../../../xtensa-esp32-elf/lib/crt0.o] ==> [/Users/mgois/.espressif/tools/xtensa-esp32-elf/esp-2022r1-RC1-11.2.0/xtensa-esp32-elf/xtensa-esp32-elf/lib/crt0.o]
  collapse obj [/Users/mgois/.espressif/tools/xtensa-esp32-elf/esp-2022r1-RC1-11.2.0/xtensa-esp32-elf/bin/../lib/gcc/xtensa-esp32-elf/11.2.0/crti.o] ==> [/Users/mgois/.espressif/tools/xtensa-esp32-elf/esp-2022r1-RC1-11.2.0/xtensa-esp32-elf/lib/gcc/xtensa-esp32-elf/11.2.0/crti.o]
  collapse obj [/Users/mgois/.espressif/tools/xtensa-esp32-elf/esp-2022r1-RC1-11.2.0/xtensa-esp32-elf/bin/../lib/gcc/xtensa-esp32-elf/11.2.0/crtbegin.o] ==> [/Users/mgois/.espressif/tools/xtensa-esp32-elf/esp-2022r1-RC1-11.2.0/xtensa-esp32-elf/lib/gcc/xtensa-esp32-elf/11.2.0/crtbegin.o]
  collapse obj [/Users/mgois/.espressif/tools/xtensa-esp32-elf/esp-2022r1-RC1-11.2.0/xtensa-esp32-elf/bin/../lib/gcc/xtensa-esp32-elf/11.2.0/crtend.o] ==> [/Users/mgois/.espressif/tools/xtensa-esp32-elf/esp-2022r1-RC1-11.2.0/xtensa-esp32-elf/lib/gcc/xtensa-esp32-elf/11.2.0/crtend.o]
  collapse obj [/Users/mgois/.espressif/tools/xtensa-esp32-elf/esp-2022r1-RC1-11.2.0/xtensa-esp32-elf/bin/../lib/gcc/xtensa-esp32-elf/11.2.0/crtn.o] ==> [/Users/mgois/.espressif/tools/xtensa-esp32-elf/esp-2022r1-RC1-11.2.0/xtensa-esp32-elf/lib/gcc/xtensa-esp32-elf/11.2.0/crtn.o]
  collapse library dir [/Users/mgois/.espressif/tools/xtensa-esp32-elf/esp-2022r1-RC1-11.2.0/xtensa-esp32-elf/bin/../lib/gcc/xtensa-esp32-elf/11.2.0] ==> [/Users/mgois/.espressif/tools/xtensa-esp32-elf/esp-2022r1-RC1-11.2.0/xtensa-esp32-elf/lib/gcc/xtensa-esp32-elf/11.2.0]
  collapse library dir [/Users/mgois/.espressif/tools/xtensa-esp32-elf/esp-2022r1-RC1-11.2.0/xtensa-esp32-elf/bin/../lib/gcc] ==> [/Users/mgois/.espressif/tools/xtensa-esp32-elf/esp-2022r1-RC1-11.2.0/xtensa-esp32-elf/lib/gcc]
  collapse library dir [/Users/mgois/.espressif/tools/xtensa-esp32-elf/esp-2022r1-RC1-11.2.0/xtensa-esp32-elf/bin/../lib/gcc/xtensa-esp32-elf/11.2.0/../../../../xtensa-esp32-elf/lib] ==> [/Users/mgois/.espressif/tools/xtensa-esp32-elf/esp-2022r1-RC1-11.2.0/xtensa-esp32-elf/xtensa-esp32-elf/lib]
  implicit libs: [gcc;c;nosys;c;gcc]
  implicit objs: [/Users/mgois/.espressif/tools/xtensa-esp32-elf/esp-2022r1-RC1-11.2.0/xtensa-esp32-elf/xtensa-esp32-elf/lib/crt0.o;/Users/mgois/.espressif/tools/xtensa-esp32-elf/esp-2022r1-RC1-11.2.0/xtensa-esp32-elf/lib/gcc/xtensa-esp32-elf/11.2.0/crti.o;/Users/mgois/.espressif/tools/xtensa-esp32-elf/esp-2022r1-RC1-11.2.0/xtensa-esp32-elf/lib/gcc/xtensa-esp32-elf/11.2.0/crtbegin.o;/Users/mgois/.espressif/tools/xtensa-esp32-elf/esp-2022r1-RC1-11.2.0/xtensa-esp32-elf/lib/gcc/xtensa-esp32-elf/11.2.0/crtend.o;/Users/mgois/.espressif/tools/xtensa-esp32-elf/esp-2022r1-RC1-11.2.0/xtensa-esp32-elf/lib/gcc/xtensa-esp32-elf/11.2.0/crtn.o]
  implicit dirs: [/Users/mgois/.espressif/tools/xtensa-esp32-elf/esp-2022r1-RC1-11.2.0/xtensa-esp32-elf/lib/gcc/xtensa-esp32-elf/11.2.0;/Users/mgois/.espressif/tools/xtensa-esp32-elf/esp-2022r1-RC1-11.2.0/xtensa-esp32-elf/lib/gcc;/Users/mgois/.espressif/tools/xtensa-esp32-elf/esp-2022r1-RC1-11.2.0/xtensa-esp32-elf/xtensa-esp32-elf/lib]
  implicit fwks: []


Detecting CXX compiler ABI info compiled with the following output:
Change Dir: /Users/mgois/tcc/webserver_setup/build/CMakeFiles/CMakeTmp

Run Build Command(s):/opt/homebrew/bin/ninja cmTC_efa26 && [1/2] Building CXX object CMakeFiles/cmTC_efa26.dir/CMakeCXXCompilerABI.cpp.obj
Using built-in specs.
COLLECT_GCC=/Users/mgois/.espressif/tools/xtensa-esp32-elf/esp-2022r1-RC1-11.2.0/xtensa-esp32-elf/bin/xtensa-esp32-elf-g++
Target: xtensa-esp32-elf
Configured with: /builds/idf/crosstool-NG/.build/HOST-x86_64-apple-darwin12/xtensa-esp32-elf/src/gcc/configure --build=x86_64-build_pc-linux-gnu --host=x86_64-host_apple-darwin12 --target=xtensa-esp32-elf --prefix=/builds/idf/crosstool-NG/builds/xtensa-esp32-elf --exec_prefix=/builds/idf/crosstool-NG/builds/xtensa-esp32-elf --with-local-prefix=/builds/idf/crosstool-NG/builds/xtensa-esp32-elf/xtensa-esp32-elf --with-headers=/builds/idf/crosstool-NG/builds/xtensa-esp32-elf/xtensa-esp32-elf/include --with-newlib --enable-threads=no --disable-shared --with-pkgversion='crosstool-NG esp-2022r1-RC1' --disable-__cxa_atexit --enable-cxx-flags=-ffunction-sections --disable-libgomp --disable-libmudflap --disable-libmpx --disable-libssp --disable-libquadmath --disable-libquadmath-support --disable-libstdcxx-verbose --with-gmp=/builds/idf/crosstool-NG/.build/HOST-x86_64-apple-darwin12/xtensa-esp32-elf/buildtools/complibs-host --with-mpfr=/builds/idf/crosstool-NG/.build/HOST-x86_64-apple-darwin12/xtensa-esp32-elf/buildtools/complibs-host --with-mpc=/builds/idf/crosstool-NG/.build/HOST-x86_64-apple-darwin12/xtensa-esp32-elf/buildtools/complibs-host --with-isl=/builds/idf/crosstool-NG/.build/HOST-x86_64-apple-darwin12/xtensa-esp32-elf/buildtools/complibs-host --enable-lto --enable-target-optspace --without-long-double-128 --disable-nls --enable-multiarch --enable-languages=c,c++ --disable-libstdcxx-verbose --enable-threads=posix --enable-gcov-custom-rtio --enable-libstdcxx-time=yes
Thread model: posix
Supported LTO compression algorithms: zlib
gcc version 11.2.0 (crosstool-NG esp-2022r1-RC1) 
COLLECT_GCC_OPTIONS='-mlongcalls' '-Wno-frame-address' '-v' '-o' 'CMakeFiles/cmTC_efa26.dir/CMakeCXXCompilerABI.cpp.obj' '-c' '-dumpdir' 'CMakeFiles/cmTC_efa26.dir/'
 /Users/mgois/.espressif/tools/xtensa-esp32-elf/esp-2022r1-RC1-11.2.0/xtensa-esp32-elf/bin/../libexec/gcc/xtensa-esp32-elf/11.2.0/cc1plus -quiet -v -iprefix /Users/mgois/.espressif/tools/xtensa-esp32-elf/esp-2022r1-RC1-11.2.0/xtensa-esp32-elf/bin/../lib/gcc/xtensa-esp32-elf/11.2.0/ /opt/homebrew/Cellar/cmake/3.23.2/share/cmake/Modules/CMakeCXXCompilerABI.cpp -quiet -dumpdir CMakeFiles/cmTC_efa26.dir/ -dumpbase CMakeCXXCompilerABI.cpp.cpp -dumpbase-ext .cpp -mlongcalls -Wno-frame-address -version -o /var/folders/df/ym0k_l25127bbz15x7tsvfg80000gn/T//cczssH0I.s
GNU C++17 (crosstool-NG esp-2022r1-RC1) version 11.2.0 (xtensa-esp32-elf)
	compiled by GNU C version 8.3.0, GMP version 6.2.1, MPFR version 4.1.0, MPC version 1.2.1, isl version isl-0.24-GMP

GGC heuristics: --param ggc-min-expand=100 --param ggc-min-heapsize=131072
ignoring duplicate directory "/Users/mgois/.espressif/tools/xtensa-esp32-elf/esp-2022r1-RC1-11.2.0/xtensa-esp32-elf/bin/../lib/gcc/../../lib/gcc/xtensa-esp32-elf/11.2.0/../../../../xtensa-esp32-elf/include/c++/11.2.0"
ignoring duplicate directory "/Users/mgois/.espressif/tools/xtensa-esp32-elf/esp-2022r1-RC1-11.2.0/xtensa-esp32-elf/bin/../lib/gcc/../../lib/gcc/xtensa-esp32-elf/11.2.0/../../../../xtensa-esp32-elf/include/c++/11.2.0/xtensa-esp32-elf"
ignoring duplicate directory "/Users/mgois/.espressif/tools/xtensa-esp32-elf/esp-2022r1-RC1-11.2.0/xtensa-esp32-elf/bin/../lib/gcc/../../lib/gcc/xtensa-esp32-elf/11.2.0/../../../../xtensa-esp32-elf/include/c++/11.2.0/backward"
ignoring duplicate directory "/Users/mgois/.espressif/tools/xtensa-esp32-elf/esp-2022r1-RC1-11.2.0/xtensa-esp32-elf/bin/../lib/gcc/../../lib/gcc/xtensa-esp32-elf/11.2.0/include"
ignoring duplicate directory "/Users/mgois/.espressif/tools/xtensa-esp32-elf/esp-2022r1-RC1-11.2.0/xtensa-esp32-elf/bin/../lib/gcc/../../lib/gcc/xtensa-esp32-elf/11.2.0/include-fixed"
ignoring duplicate directory "/Users/mgois/.espressif/tools/xtensa-esp32-elf/esp-2022r1-RC1-11.2.0/xtensa-esp32-elf/bin/../lib/gcc/../../lib/gcc/xtensa-esp32-elf/11.2.0/../../../../xtensa-esp32-elf/sys-include"
ignoring duplicate directory "/Users/mgois/.espressif/tools/xtensa-esp32-elf/esp-2022r1-RC1-11.2.0/xtensa-esp32-elf/bin/../lib/gcc/../../lib/gcc/xtensa-esp32-elf/11.2.0/../../../../xtensa-esp32-elf/include"
#include "..." search starts here:
#include <...> search starts here:
 /Users/mgois/.espressif/tools/xtensa-esp32-elf/esp-2022r1-RC1-11.2.0/xtensa-esp32-elf/bin/../lib/gcc/xtensa-esp32-elf/11.2.0/../../../../xtensa-esp32-elf/include/c++/11.2.0
 /Users/mgois/.espressif/tools/xtensa-esp32-elf/esp-2022r1-RC1-11.2.0/xtensa-esp32-elf/bin/../lib/gcc/xtensa-esp32-elf/11.2.0/../../../../xtensa-esp32-elf/include/c++/11.2.0/xtensa-esp32-elf
 /Users/mgois/.espressif/tools/xtensa-esp32-elf/esp-2022r1-RC1-11.2.0/xtensa-esp32-elf/bin/../lib/gcc/xtensa-esp32-elf/11.2.0/../../../../xtensa-esp32-elf/include/c++/11.2.0/backward
 /Users/mgois/.espressif/tools/xtensa-esp32-elf/esp-2022r1-RC1-11.2.0/xtensa-esp32-elf/bin/../lib/gcc/xtensa-esp32-elf/11.2.0/include
 /Users/mgois/.espressif/tools/xtensa-esp32-elf/esp-2022r1-RC1-11.2.0/xtensa-esp32-elf/bin/../lib/gcc/xtensa-esp32-elf/11.2.0/include-fixed
 /Users/mgois/.espressif/tools/xtensa-esp32-elf/esp-2022r1-RC1-11.2.0/xtensa-esp32-elf/bin/../lib/gcc/xtensa-esp32-elf/11.2.0/../../../../xtensa-esp32-elf/sys-include
 /Users/mgois/.espressif/tools/xtensa-esp32-elf/esp-2022r1-RC1-11.2.0/xtensa-esp32-elf/bin/../lib/gcc/xtensa-esp32-elf/11.2.0/../../../../xtensa-esp32-elf/include
End of search list.
GNU C++17 (crosstool-NG esp-2022r1-RC1) version 11.2.0 (xtensa-esp32-elf)
	compiled by GNU C version 8.3.0, GMP version 6.2.1, MPFR version 4.1.0, MPC version 1.2.1, isl version isl-0.24-GMP

GGC heuristics: --param ggc-min-expand=100 --param ggc-min-heapsize=131072
Compiler executable checksum: 0479100a6aecb630cc34cfdfadd0c116
COLLECT_GCC_OPTIONS='-mlongcalls' '-Wno-frame-address' '-v' '-o' 'CMakeFiles/cmTC_efa26.dir/CMakeCXXCompilerABI.cpp.obj' '-c' '-dumpdir' 'CMakeFiles/cmTC_efa26.dir/'
 /Users/mgois/.espressif/tools/xtensa-esp32-elf/esp-2022r1-RC1-11.2.0/xtensa-esp32-elf/bin/../lib/gcc/xtensa-esp32-elf/11.2.0/../../../../xtensa-esp32-elf/bin/as --traditional-format --longcalls -o CMakeFiles/cmTC_efa26.dir/CMakeCXXCompilerABI.cpp.obj /var/folders/df/ym0k_l25127bbz15x7tsvfg80000gn/T//cczssH0I.s
COMPILER_PATH=/Users/mgois/.espressif/tools/xtensa-esp32-elf/esp-2022r1-RC1-11.2.0/xtensa-esp32-elf/bin/../libexec/gcc/xtensa-esp32-elf/11.2.0/:/Users/mgois/.espressif/tools/xtensa-esp32-elf/esp-2022r1-RC1-11.2.0/xtensa-esp32-elf/bin/../libexec/gcc/:/Users/mgois/.espressif/tools/xtensa-esp32-elf/esp-2022r1-RC1-11.2.0/xtensa-esp32-elf/bin/../lib/gcc/xtensa-esp32-elf/11.2.0/../../../../xtensa-esp32-elf/bin/
LIBRARY_PATH=/Users/mgois/.espressif/tools/xtensa-esp32-elf/esp-2022r1-RC1-11.2.0/xtensa-esp32-elf/bin/../lib/gcc/xtensa-esp32-elf/11.2.0/:/Users/mgois/.espressif/tools/xtensa-esp32-elf/esp-2022r1-RC1-11.2.0/xtensa-esp32-elf/bin/../lib/gcc/:/Users/mgois/.espressif/tools/xtensa-esp32-elf/esp-2022r1-RC1-11.2.0/xtensa-esp32-elf/bin/../lib/gcc/xtensa-esp32-elf/11.2.0/../../../../xtensa-esp32-elf/lib/
COLLECT_GCC_OPTIONS='-mlongcalls' '-Wno-frame-address' '-v' '-o' 'CMakeFiles/cmTC_efa26.dir/CMakeCXXCompilerABI.cpp.obj' '-c' '-dumpdir' 'CMakeFiles/cmTC_efa26.dir/CMakeCXXCompilerABI.cpp.'
[2/2] Linking CXX executable cmTC_efa26
Using built-in specs.
COLLECT_GCC=/Users/mgois/.espressif/tools/xtensa-esp32-elf/esp-2022r1-RC1-11.2.0/xtensa-esp32-elf/bin/xtensa-esp32-elf-g++
COLLECT_LTO_WRAPPER=/Users/mgois/.espressif/tools/xtensa-esp32-elf/esp-2022r1-RC1-11.2.0/xtensa-esp32-elf/bin/../libexec/gcc/xtensa-esp32-elf/11.2.0/lto-wrapper
Target: xtensa-esp32-elf
Configured with: /builds/idf/crosstool-NG/.build/HOST-x86_64-apple-darwin12/xtensa-esp32-elf/src/gcc/configure --build=x86_64-build_pc-linux-gnu --host=x86_64-host_apple-darwin12 --target=xtensa-esp32-elf --prefix=/builds/idf/crosstool-NG/builds/xtensa-esp32-elf --exec_prefix=/builds/idf/crosstool-NG/builds/xtensa-esp32-elf --with-local-prefix=/builds/idf/crosstool-NG/builds/xtensa-esp32-elf/xtensa-esp32-elf --with-headers=/builds/idf/crosstool-NG/builds/xtensa-esp32-elf/xtensa-esp32-elf/include --with-newlib --enable-threads=no --disable-shared --with-pkgversion='crosstool-NG esp-2022r1-RC1' --disable-__cxa_atexit --enable-cxx-flags=-ffunction-sections --disable-libgomp --disable-libmudflap --disable-libmpx --disable-libssp --disable-libquadmath --disable-libquadmath-support --disable-libstdcxx-verbose --with-gmp=/builds/idf/crosstool-NG/.build/HOST-x86_64-apple-darwin12/xtensa-esp32-elf/buildtools/complibs-host --with-mpfr=/builds/idf/crosstool-NG/.build/HOST-x86_64-apple-darwin12/xtensa-esp32-elf/buildtools/complibs-host --with-mpc=/builds/idf/crosstool-NG/.build/HOST-x86_64-apple-darwin12/xtensa-esp32-elf/buildtools/complibs-host --with-isl=/builds/idf/crosstool-NG/.build/HOST-x86_64-apple-darwin12/xtensa-esp32-elf/buildtools/complibs-host --enable-lto --enable-target-optspace --without-long-double-128 --disable-nls --enable-multiarch --enable-languages=c,c++ --disable-libstdcxx-verbose --enable-threads=posix --enable-gcov-custom-rtio --enable-libstdcxx-time=yes
Thread model: posix
Supported LTO compression algorithms: zlib
gcc version 11.2.0 (crosstool-NG esp-2022r1-RC1) 
COMPILER_PATH=/Users/mgois/.espressif/tools/xtensa-esp32-elf/esp-2022r1-RC1-11.2.0/xtensa-esp32-elf/bin/../libexec/gcc/xtensa-esp32-elf/11.2.0/:/Users/mgois/.espressif/tools/xtensa-esp32-elf/esp-2022r1-RC1-11.2.0/xtensa-esp32-elf/bin/../libexec/gcc/:/Users/mgois/.espressif/tools/xtensa-esp32-elf/esp-2022r1-RC1-11.2.0/xtensa-esp32-elf/bin/../lib/gcc/xtensa-esp32-elf/11.2.0/../../../../xtensa-esp32-elf/bin/
LIBRARY_PATH=/Users/mgois/.espressif/tools/xtensa-esp32-elf/esp-2022r1-RC1-11.2.0/xtensa-esp32-elf/bin/../lib/gcc/xtensa-esp32-elf/11.2.0/:/Users/mgois/.espressif/tools/xtensa-esp32-elf/esp-2022r1-RC1-11.2.0/xtensa-esp32-elf/bin/../lib/gcc/:/Users/mgois/.espressif/tools/xtensa-esp32-elf/esp-2022r1-RC1-11.2.0/xtensa-esp32-elf/bin/../lib/gcc/xtensa-esp32-elf/11.2.0/../../../../xtensa-esp32-elf/lib/
COLLECT_GCC_OPTIONS='-mlongcalls' '-Wno-frame-address' '-v' '-o' 'cmTC_efa26' '-dumpdir' 'cmTC_efa26.'
 /Users/mgois/.espressif/tools/xtensa-esp32-elf/esp-2022r1-RC1-11.2.0/xtensa-esp32-elf/bin/../libexec/gcc/xtensa-esp32-elf/11.2.0/collect2 -plugin /Users/mgois/.espressif/tools/xtensa-esp32-elf/esp-2022r1-RC1-11.2.0/xtensa-esp32-elf/bin/../libexec/gcc/xtensa-esp32-elf/11.2.0/liblto_plugin.so -plugin-opt=/Users/mgois/.espressif/tools/xtensa-esp32-elf/esp-2022r1-RC1-11.2.0/xtensa-esp32-elf/bin/../libexec/gcc/xtensa-esp32-elf/11.2.0/lto-wrapper -plugin-opt=-fresolution=/var/folders/df/ym0k_l25127bbz15x7tsvfg80000gn/T//ccVwNgQn.res -plugin-opt=-pass-through=-lgcc -plugin-opt=-pass-through=-lc -plugin-opt=-pass-through=-lnosys -plugin-opt=-pass-through=-lc -plugin-opt=-pass-through=-lgcc -o cmTC_efa26 /Users/mgois/.espressif/tools/xtensa-esp32-elf/esp-2022r1-RC1-11.2.0/xtensa-esp32-elf/bin/../lib/gcc/xtensa-esp32-elf/11.2.0/../../../../xtensa-esp32-elf/lib/crt0.o /Users/mgois/.espressif/tools/xtensa-esp32-elf/esp-2022r1-RC1-11.2.0/xtensa-esp32-elf/bin/../lib/gcc/xtensa-esp32-elf/11.2.0/crti.o /Users/mgois/.espressif/tools/xtensa-esp32-elf/esp-2022r1-RC1-11.2.0/xtensa-esp32-elf/bin/../lib/gcc/xtensa-esp32-elf/11.2.0/crtbegin.o -L/Users/mgois/.espressif/tools/xtensa-esp32-elf/esp-2022r1-RC1-11.2.0/xtensa-esp32-elf/bin/../lib/gcc/xtensa-esp32-elf/11.2.0 -L/Users/mgois/.espressif/tools/xtensa-esp32-elf/esp-2022r1-RC1-11.2.0/xtensa-esp32-elf/bin/../lib/gcc -L/Users/mgois/.espressif/tools/xtensa-esp32-elf/esp-2022r1-RC1-11.2.0/xtensa-esp32-elf/bin/../lib/gcc/xtensa-esp32-elf/11.2.0/../../../../xtensa-esp32-elf/lib CMakeFiles/cmTC_efa26.dir/CMakeCXXCompilerABI.cpp.obj -lstdc++ -lm -lgcc -lc -lnosys -lc -lgcc /Users/mgois/.espressif/tools/xtensa-esp32-elf/esp-2022r1-RC1-11.2.0/xtensa-esp32-elf/bin/../lib/gcc/xtensa-esp32-elf/11.2.0/crtend.o /Users/mgois/.espressif/tools/xtensa-esp32-elf/esp-2022r1-RC1-11.2.0/xtensa-esp32-elf/bin/../lib/gcc/xtensa-esp32-elf/11.2.0/crtn.o
COLLECT_GCC_OPTIONS='-mlongcalls' '-Wno-frame-address' '-v' '-o' 'cmTC_efa26' '-dumpdir' 'cmTC_efa26.'



Parsed CXX implicit include dir info from above output: rv=done
  found start of include info
  found start of implicit include info
    add: [/Users/mgois/.espressif/tools/xtensa-esp32-elf/esp-2022r1-RC1-11.2.0/xtensa-esp32-elf/bin/../lib/gcc/xtensa-esp32-elf/11.2.0/../../../../xtensa-esp32-elf/include/c++/11.2.0]
    add: [/Users/mgois/.espressif/tools/xtensa-esp32-elf/esp-2022r1-RC1-11.2.0/xtensa-esp32-elf/bin/../lib/gcc/xtensa-esp32-elf/11.2.0/../../../../xtensa-esp32-elf/include/c++/11.2.0/xtensa-esp32-elf]
    add: [/Users/mgois/.espressif/tools/xtensa-esp32-elf/esp-2022r1-RC1-11.2.0/xtensa-esp32-elf/bin/../lib/gcc/xtensa-esp32-elf/11.2.0/../../../../xtensa-esp32-elf/include/c++/11.2.0/backward]
    add: [/Users/mgois/.espressif/tools/xtensa-esp32-elf/esp-2022r1-RC1-11.2.0/xtensa-esp32-elf/bin/../lib/gcc/xtensa-esp32-elf/11.2.0/include]
    add: [/Users/mgois/.espressif/tools/xtensa-esp32-elf/esp-2022r1-RC1-11.2.0/xtensa-esp32-elf/bin/../lib/gcc/xtensa-esp32-elf/11.2.0/include-fixed]
    add: [/Users/mgois/.espressif/tools/xtensa-esp32-elf/esp-2022r1-RC1-11.2.0/xtensa-esp32-elf/bin/../lib/gcc/xtensa-esp32-elf/11.2.0/../../../../xtensa-esp32-elf/sys-include]
    add: [/Users/mgois/.espressif/tools/xtensa-esp32-elf/esp-2022r1-RC1-11.2.0/xtensa-esp32-elf/bin/../lib/gcc/xtensa-esp32-elf/11.2.0/../../../../xtensa-esp32-elf/include]
  end of search list found
  collapse include dir [/Users/mgois/.espressif/tools/xtensa-esp32-elf/esp-2022r1-RC1-11.2.0/xtensa-esp32-elf/bin/../lib/gcc/xtensa-esp32-elf/11.2.0/../../../../xtensa-esp32-elf/include/c++/11.2.0] ==> [/Users/mgois/.espressif/tools/xtensa-esp32-elf/esp-2022r1-RC1-11.2.0/xtensa-esp32-elf/xtensa-esp32-elf/include/c++/11.2.0]
  collapse include dir [/Users/mgois/.espressif/tools/xtensa-esp32-elf/esp-2022r1-RC1-11.2.0/xtensa-esp32-elf/bin/../lib/gcc/xtensa-esp32-elf/11.2.0/../../../../xtensa-esp32-elf/include/c++/11.2.0/xtensa-esp32-elf] ==> [/Users/mgois/.espressif/tools/xtensa-esp32-elf/esp-2022r1-RC1-11.2.0/xtensa-esp32-elf/xtensa-esp32-elf/include/c++/11.2.0/xtensa-esp32-elf]
  collapse include dir [/Users/mgois/.espressif/tools/xtensa-esp32-elf/esp-2022r1-RC1-11.2.0/xtensa-esp32-elf/bin/../lib/gcc/xtensa-esp32-elf/11.2.0/../../../../xtensa-esp32-elf/include/c++/11.2.0/backward] ==> [/Users/mgois/.espressif/tools/xtensa-esp32-elf/esp-2022r1-RC1-11.2.0/xtensa-esp32-elf/xtensa-esp32-elf/include/c++/11.2.0/backward]
  collapse include dir [/Users/mgois/.espressif/tools/xtensa-esp32-elf/esp-2022r1-RC1-11.2.0/xtensa-esp32-elf/bin/../lib/gcc/xtensa-esp32-elf/11.2.0/include] ==> [/Users/mgois/.espressif/tools/xtensa-esp32-elf/esp-2022r1-RC1-11.2.0/xtensa-esp32-elf/lib/gcc/xtensa-esp32-elf/11.2.0/include]
  collapse include dir [/Users/mgois/.espressif/tools/xtensa-esp32-elf/esp-2022r1-RC1-11.2.0/xtensa-esp32-elf/bin/../lib/gcc/xtensa-esp32-elf/11.2.0/include-fixed] ==> [/Users/mgois/.espressif/tools/xtensa-esp32-elf/esp-2022r1-RC1-11.2.0/xtensa-esp32-elf/lib/gcc/xtensa-esp32-elf/11.2.0/include-fixed]
  collapse include dir [/Users/mgois/.espressif/tools/xtensa-esp32-elf/esp-2022r1-RC1-11.2.0/xtensa-esp32-elf/bin/../lib/gcc/xtensa-esp32-elf/11.2.0/../../../../xtensa-esp32-elf/sys-include] ==> [/Users/mgois/.espressif/tools/xtensa-esp32-elf/esp-2022r1-RC1-11.2.0/xtensa-esp32-elf/xtensa-esp32-elf/sys-include]
  collapse include dir [/Users/mgois/.espressif/tools/xtensa-esp32-elf/esp-2022r1-RC1-11.2.0/xtensa-esp32-elf/bin/../lib/gcc/xtensa-esp32-elf/11.2.0/../../../../xtensa-esp32-elf/include] ==> [/Users/mgois/.espressif/tools/xtensa-esp32-elf/esp-2022r1-RC1-11.2.0/xtensa-esp32-elf/xtensa-esp32-elf/include]
  implicit include dirs: [/Users/mgois/.espressif/tools/xtensa-esp32-elf/esp-2022r1-RC1-11.2.0/xtensa-esp32-elf/xtensa-esp32-elf/include/c++/11.2.0;/Users/mgois/.espressif/tools/xtensa-esp32-elf/esp-2022r1-RC1-11.2.0/xtensa-esp32-elf/xtensa-esp32-elf/include/c++/11.2.0/xtensa-esp32-elf;/Users/mgois/.espressif/tools/xtensa-esp32-elf/esp-2022r1-RC1-11.2.0/xtensa-esp32-elf/xtensa-esp32-elf/include/c++/11.2.0/backward;/Users/mgois/.espressif/tools/xtensa-esp32-elf/esp-2022r1-RC1-11.2.0/xtensa-esp32-elf/lib/gcc/xtensa-esp32-elf/11.2.0/include;/Users/mgois/.espressif/tools/xtensa-esp32-elf/esp-2022r1-RC1-11.2.0/xtensa-esp32-elf/lib/gcc/xtensa-esp32-elf/11.2.0/include-fixed;/Users/mgois/.espressif/tools/xtensa-esp32-elf/esp-2022r1-RC1-11.2.0/xtensa-esp32-elf/xtensa-esp32-elf/sys-include;/Users/mgois/.espressif/tools/xtensa-esp32-elf/esp-2022r1-RC1-11.2.0/xtensa-esp32-elf/xtensa-esp32-elf/include]


Parsed CXX implicit link information from above output:
  link line regex: [^( *|.*[/\])(xtensa-esp32-elf-ld|CMAKE_LINK_STARTFILE-NOTFOUND|([^/\]+-)?ld|collect2)[^/\]*( |$)]
  ignore line: [Change Dir: /Users/mgois/tcc/webserver_setup/build/CMakeFiles/CMakeTmp]
  ignore line: []
  ignore line: [Run Build Command(s):/opt/homebrew/bin/ninja cmTC_efa26 && [1/2] Building CXX object CMakeFiles/cmTC_efa26.dir/CMakeCXXCompilerABI.cpp.obj]
  ignore line: [Using built-in specs.]
  ignore line: [COLLECT_GCC=/Users/mgois/.espressif/tools/xtensa-esp32-elf/esp-2022r1-RC1-11.2.0/xtensa-esp32-elf/bin/xtensa-esp32-elf-g++]
  ignore line: [Target: xtensa-esp32-elf]
  ignore line: [Configured with: /builds/idf/crosstool-NG/.build/HOST-x86_64-apple-darwin12/xtensa-esp32-elf/src/gcc/configure --build=x86_64-build_pc-linux-gnu --host=x86_64-host_apple-darwin12 --target=xtensa-esp32-elf --prefix=/builds/idf/crosstool-NG/builds/xtensa-esp32-elf --exec_prefix=/builds/idf/crosstool-NG/builds/xtensa-esp32-elf --with-local-prefix=/builds/idf/crosstool-NG/builds/xtensa-esp32-elf/xtensa-esp32-elf --with-headers=/builds/idf/crosstool-NG/builds/xtensa-esp32-elf/xtensa-esp32-elf/include --with-newlib --enable-threads=no --disable-shared --with-pkgversion='crosstool-NG esp-2022r1-RC1' --disable-__cxa_atexit --enable-cxx-flags=-ffunction-sections --disable-libgomp --disable-libmudflap --disable-libmpx --disable-libssp --disable-libquadmath --disable-libquadmath-support --disable-libstdcxx-verbose --with-gmp=/builds/idf/crosstool-NG/.build/HOST-x86_64-apple-darwin12/xtensa-esp32-elf/buildtools/complibs-host --with-mpfr=/builds/idf/crosstool-NG/.build/HOST-x86_64-apple-darwin12/xtensa-esp32-elf/buildtools/complibs-host --with-mpc=/builds/idf/crosstool-NG/.build/HOST-x86_64-apple-darwin12/xtensa-esp32-elf/buildtools/complibs-host --with-isl=/builds/idf/crosstool-NG/.build/HOST-x86_64-apple-darwin12/xtensa-esp32-elf/buildtools/complibs-host --enable-lto --enable-target-optspace --without-long-double-128 --disable-nls --enable-multiarch --enable-languages=c c++ --disable-libstdcxx-verbose --enable-threads=posix --enable-gcov-custom-rtio --enable-libstdcxx-time=yes]
  ignore line: [Thread model: posix]
  ignore line: [Supported LTO compression algorithms: zlib]
  ignore line: [gcc version 11.2.0 (crosstool-NG esp-2022r1-RC1) ]
  ignore line: [COLLECT_GCC_OPTIONS='-mlongcalls' '-Wno-frame-address' '-v' '-o' 'CMakeFiles/cmTC_efa26.dir/CMakeCXXCompilerABI.cpp.obj' '-c' '-dumpdir' 'CMakeFiles/cmTC_efa26.dir/']
  ignore line: [ /Users/mgois/.espressif/tools/xtensa-esp32-elf/esp-2022r1-RC1-11.2.0/xtensa-esp32-elf/bin/../libexec/gcc/xtensa-esp32-elf/11.2.0/cc1plus -quiet -v -iprefix /Users/mgois/.espressif/tools/xtensa-esp32-elf/esp-2022r1-RC1-11.2.0/xtensa-esp32-elf/bin/../lib/gcc/xtensa-esp32-elf/11.2.0/ /opt/homebrew/Cellar/cmake/3.23.2/share/cmake/Modules/CMakeCXXCompilerABI.cpp -quiet -dumpdir CMakeFiles/cmTC_efa26.dir/ -dumpbase CMakeCXXCompilerABI.cpp.cpp -dumpbase-ext .cpp -mlongcalls -Wno-frame-address -version -o /var/folders/df/ym0k_l25127bbz15x7tsvfg80000gn/T//cczssH0I.s]
  ignore line: [GNU C++17 (crosstool-NG esp-2022r1-RC1) version 11.2.0 (xtensa-esp32-elf)]
  ignore line: [	compiled by GNU C version 8.3.0  GMP version 6.2.1  MPFR version 4.1.0  MPC version 1.2.1  isl version isl-0.24-GMP]
  ignore line: []
  ignore line: [GGC heuristics: --param ggc-min-expand=100 --param ggc-min-heapsize=131072]
  ignore line: [ignoring duplicate directory "/Users/mgois/.espressif/tools/xtensa-esp32-elf/esp-2022r1-RC1-11.2.0/xtensa-esp32-elf/bin/../lib/gcc/../../lib/gcc/xtensa-esp32-elf/11.2.0/../../../../xtensa-esp32-elf/include/c++/11.2.0"]
  ignore line: [ignoring duplicate directory "/Users/mgois/.espressif/tools/xtensa-esp32-elf/esp-2022r1-RC1-11.2.0/xtensa-esp32-elf/bin/../lib/gcc/../../lib/gcc/xtensa-esp32-elf/11.2.0/../../../../xtensa-esp32-elf/include/c++/11.2.0/xtensa-esp32-elf"]
  ignore line: [ignoring duplicate directory "/Users/mgois/.espressif/tools/xtensa-esp32-elf/esp-2022r1-RC1-11.2.0/xtensa-esp32-elf/bin/../lib/gcc/../../lib/gcc/xtensa-esp32-elf/11.2.0/../../../../xtensa-esp32-elf/include/c++/11.2.0/backward"]
  ignore line: [ignoring duplicate directory "/Users/mgois/.espressif/tools/xtensa-esp32-elf/esp-2022r1-RC1-11.2.0/xtensa-esp32-elf/bin/../lib/gcc/../../lib/gcc/xtensa-esp32-elf/11.2.0/include"]
  ignore line: [ignoring duplicate directory "/Users/mgois/.espressif/tools/xtensa-esp32-elf/esp-2022r1-RC1-11.2.0/xtensa-esp32-elf/bin/../lib/gcc/../../lib/gcc/xtensa-esp32-elf/11.2.0/include-fixed"]
  ignore line: [ignoring duplicate directory "/Users/mgois/.espressif/tools/xtensa-esp32-elf/esp-2022r1-RC1-11.2.0/xtensa-esp32-elf/bin/../lib/gcc/../../lib/gcc/xtensa-esp32-elf/11.2.0/../../../../xtensa-esp32-elf/sys-include"]
  ignore line: [ignoring duplicate directory "/Users/mgois/.espressif/tools/xtensa-esp32-elf/esp-2022r1-RC1-11.2.0/xtensa-esp32-elf/bin/../lib/gcc/../../lib/gcc/xtensa-esp32-elf/11.2.0/../../../../xtensa-esp32-elf/include"]
  ignore line: [#include "..." search starts here:]
  ignore line: [#include <...> search starts here:]
  ignore line: [ /Users/mgois/.espressif/tools/xtensa-esp32-elf/esp-2022r1-RC1-11.2.0/xtensa-esp32-elf/bin/../lib/gcc/xtensa-esp32-elf/11.2.0/../../../../xtensa-esp32-elf/include/c++/11.2.0]
  ignore line: [ /Users/mgois/.espressif/tools/xtensa-esp32-elf/esp-2022r1-RC1-11.2.0/xtensa-esp32-elf/bin/../lib/gcc/xtensa-esp32-elf/11.2.0/../../../../xtensa-esp32-elf/include/c++/11.2.0/xtensa-esp32-elf]
  ignore line: [ /Users/mgois/.espressif/tools/xtensa-esp32-elf/esp-2022r1-RC1-11.2.0/xtensa-esp32-elf/bin/../lib/gcc/xtensa-esp32-elf/11.2.0/../../../../xtensa-esp32-elf/include/c++/11.2.0/backward]
  ignore line: [ /Users/mgois/.espressif/tools/xtensa-esp32-elf/esp-2022r1-RC1-11.2.0/xtensa-esp32-elf/bin/../lib/gcc/xtensa-esp32-elf/11.2.0/include]
  ignore line: [ /Users/mgois/.espressif/tools/xtensa-esp32-elf/esp-2022r1-RC1-11.2.0/xtensa-esp32-elf/bin/../lib/gcc/xtensa-esp32-elf/11.2.0/include-fixed]
  ignore line: [ /Users/mgois/.espressif/tools/xtensa-esp32-elf/esp-2022r1-RC1-11.2.0/xtensa-esp32-elf/bin/../lib/gcc/xtensa-esp32-elf/11.2.0/../../../../xtensa-esp32-elf/sys-include]
  ignore line: [ /Users/mgois/.espressif/tools/xtensa-esp32-elf/esp-2022r1-RC1-11.2.0/xtensa-esp32-elf/bin/../lib/gcc/xtensa-esp32-elf/11.2.0/../../../../xtensa-esp32-elf/include]
  ignore line: [End of search list.]
  ignore line: [GNU C++17 (crosstool-NG esp-2022r1-RC1) version 11.2.0 (xtensa-esp32-elf)]
  ignore line: [	compiled by GNU C version 8.3.0  GMP version 6.2.1  MPFR version 4.1.0  MPC version 1.2.1  isl version isl-0.24-GMP]
  ignore line: []
  ignore line: [GGC heuristics: --param ggc-min-expand=100 --param ggc-min-heapsize=131072]
  ignore line: [Compiler executable checksum: 0479100a6aecb630cc34cfdfadd0c116]
  ignore line: [COLLECT_GCC_OPTIONS='-mlongcalls' '-Wno-frame-address' '-v' '-o' 'CMakeFiles/cmTC_efa26.dir/CMakeCXXCompilerABI.cpp.obj' '-c' '-dumpdir' 'CMakeFiles/cmTC_efa26.dir/']
  ignore line: [ /Users/mgois/.espressif/tools/xtensa-esp32-elf/esp-2022r1-RC1-11.2.0/xtensa-esp32-elf/bin/../lib/gcc/xtensa-esp32-elf/11.2.0/../../../../xtensa-esp32-elf/bin/as --traditional-format --longcalls -o CMakeFiles/cmTC_efa26.dir/CMakeCXXCompilerABI.cpp.obj /var/folders/df/ym0k_l25127bbz15x7tsvfg80000gn/T//cczssH0I.s]
  ignore line: [COMPILER_PATH=/Users/mgois/.espressif/tools/xtensa-esp32-elf/esp-2022r1-RC1-11.2.0/xtensa-esp32-elf/bin/../libexec/gcc/xtensa-esp32-elf/11.2.0/:/Users/mgois/.espressif/tools/xtensa-esp32-elf/esp-2022r1-RC1-11.2.0/xtensa-esp32-elf/bin/../libexec/gcc/:/Users/mgois/.espressif/tools/xtensa-esp32-elf/esp-2022r1-RC1-11.2.0/xtensa-esp32-elf/bin/../lib/gcc/xtensa-esp32-elf/11.2.0/../../../../xtensa-esp32-elf/bin/]
  ignore line: [LIBRARY_PATH=/Users/mgois/.espressif/tools/xtensa-esp32-elf/esp-2022r1-RC1-11.2.0/xtensa-esp32-elf/bin/../lib/gcc/xtensa-esp32-elf/11.2.0/:/Users/mgois/.espressif/tools/xtensa-esp32-elf/esp-2022r1-RC1-11.2.0/xtensa-esp32-elf/bin/../lib/gcc/:/Users/mgois/.espressif/tools/xtensa-esp32-elf/esp-2022r1-RC1-11.2.0/xtensa-esp32-elf/bin/../lib/gcc/xtensa-esp32-elf/11.2.0/../../../../xtensa-esp32-elf/lib/]
  ignore line: [COLLECT_GCC_OPTIONS='-mlongcalls' '-Wno-frame-address' '-v' '-o' 'CMakeFiles/cmTC_efa26.dir/CMakeCXXCompilerABI.cpp.obj' '-c' '-dumpdir' 'CMakeFiles/cmTC_efa26.dir/CMakeCXXCompilerABI.cpp.']
  ignore line: [[2/2] Linking CXX executable cmTC_efa26]
  ignore line: [Using built-in specs.]
  ignore line: [COLLECT_GCC=/Users/mgois/.espressif/tools/xtensa-esp32-elf/esp-2022r1-RC1-11.2.0/xtensa-esp32-elf/bin/xtensa-esp32-elf-g++]
  ignore line: [COLLECT_LTO_WRAPPER=/Users/mgois/.espressif/tools/xtensa-esp32-elf/esp-2022r1-RC1-11.2.0/xtensa-esp32-elf/bin/../libexec/gcc/xtensa-esp32-elf/11.2.0/lto-wrapper]
  ignore line: [Target: xtensa-esp32-elf]
  ignore line: [Configured with: /builds/idf/crosstool-NG/.build/HOST-x86_64-apple-darwin12/xtensa-esp32-elf/src/gcc/configure --build=x86_64-build_pc-linux-gnu --host=x86_64-host_apple-darwin12 --target=xtensa-esp32-elf --prefix=/builds/idf/crosstool-NG/builds/xtensa-esp32-elf --exec_prefix=/builds/idf/crosstool-NG/builds/xtensa-esp32-elf --with-local-prefix=/builds/idf/crosstool-NG/builds/xtensa-esp32-elf/xtensa-esp32-elf --with-headers=/builds/idf/crosstool-NG/builds/xtensa-esp32-elf/xtensa-esp32-elf/include --with-newlib --enable-threads=no --disable-shared --with-pkgversion='crosstool-NG esp-2022r1-RC1' --disable-__cxa_atexit --enable-cxx-flags=-ffunction-sections --disable-libgomp --disable-libmudflap --disable-libmpx --disable-libssp --disable-libquadmath --disable-libquadmath-support --disable-libstdcxx-verbose --with-gmp=/builds/idf/crosstool-NG/.build/HOST-x86_64-apple-darwin12/xtensa-esp32-elf/buildtools/complibs-host --with-mpfr=/builds/idf/crosstool-NG/.build/HOST-x86_64-apple-darwin12/xtensa-esp32-elf/buildtools/complibs-host --with-mpc=/builds/idf/crosstool-NG/.build/HOST-x86_64-apple-darwin12/xtensa-esp32-elf/buildtools/complibs-host --with-isl=/builds/idf/crosstool-NG/.build/HOST-x86_64-apple-darwin12/xtensa-esp32-elf/buildtools/complibs-host --enable-lto --enable-target-optspace --without-long-double-128 --disable-nls --enable-multiarch --enable-languages=c c++ --disable-libstdcxx-verbose --enable-threads=posix --enable-gcov-custom-rtio --enable-libstdcxx-time=yes]
  ignore line: [Thread model: posix]
  ignore line: [Supported LTO compression algorithms: zlib]
  ignore line: [gcc version 11.2.0 (crosstool-NG esp-2022r1-RC1) ]
  ignore line: [COMPILER_PATH=/Users/mgois/.espressif/tools/xtensa-esp32-elf/esp-2022r1-RC1-11.2.0/xtensa-esp32-elf/bin/../libexec/gcc/xtensa-esp32-elf/11.2.0/:/Users/mgois/.espressif/tools/xtensa-esp32-elf/esp-2022r1-RC1-11.2.0/xtensa-esp32-elf/bin/../libexec/gcc/:/Users/mgois/.espressif/tools/xtensa-esp32-elf/esp-2022r1-RC1-11.2.0/xtensa-esp32-elf/bin/../lib/gcc/xtensa-esp32-elf/11.2.0/../../../../xtensa-esp32-elf/bin/]
  ignore line: [LIBRARY_PATH=/Users/mgois/.espressif/tools/xtensa-esp32-elf/esp-2022r1-RC1-11.2.0/xtensa-esp32-elf/bin/../lib/gcc/xtensa-esp32-elf/11.2.0/:/Users/mgois/.espressif/tools/xtensa-esp32-elf/esp-2022r1-RC1-11.2.0/xtensa-esp32-elf/bin/../lib/gcc/:/Users/mgois/.espressif/tools/xtensa-esp32-elf/esp-2022r1-RC1-11.2.0/xtensa-esp32-elf/bin/../lib/gcc/xtensa-esp32-elf/11.2.0/../../../../xtensa-esp32-elf/lib/]
  ignore line: [COLLECT_GCC_OPTIONS='-mlongcalls' '-Wno-frame-address' '-v' '-o' 'cmTC_efa26' '-dumpdir' 'cmTC_efa26.']
  link line: [ /Users/mgois/.espressif/tools/xtensa-esp32-elf/esp-2022r1-RC1-11.2.0/xtensa-esp32-elf/bin/../libexec/gcc/xtensa-esp32-elf/11.2.0/collect2 -plugin /Users/mgois/.espressif/tools/xtensa-esp32-elf/esp-2022r1-RC1-11.2.0/xtensa-esp32-elf/bin/../libexec/gcc/xtensa-esp32-elf/11.2.0/liblto_plugin.so -plugin-opt=/Users/mgois/.espressif/tools/xtensa-esp32-elf/esp-2022r1-RC1-11.2.0/xtensa-esp32-elf/bin/../libexec/gcc/xtensa-esp32-elf/11.2.0/lto-wrapper -plugin-opt=-fresolution=/var/folders/df/ym0k_l25127bbz15x7tsvfg80000gn/T//ccVwNgQn.res -plugin-opt=-pass-through=-lgcc -plugin-opt=-pass-through=-lc -plugin-opt=-pass-through=-lnosys -plugin-opt=-pass-through=-lc -plugin-opt=-pass-through=-lgcc -o cmTC_efa26 /Users/mgois/.espressif/tools/xtensa-esp32-elf/esp-2022r1-RC1-11.2.0/xtensa-esp32-elf/bin/../lib/gcc/xtensa-esp32-elf/11.2.0/../../../../xtensa-esp32-elf/lib/crt0.o /Users/mgois/.espressif/tools/xtensa-esp32-elf/esp-2022r1-RC1-11.2.0/xtensa-esp32-elf/bin/../lib/gcc/xtensa-esp32-elf/11.2.0/crti.o /Users/mgois/.espressif/tools/xtensa-esp32-elf/esp-2022r1-RC1-11.2.0/xtensa-esp32-elf/bin/../lib/gcc/xtensa-esp32-elf/11.2.0/crtbegin.o -L/Users/mgois/.espressif/tools/xtensa-esp32-elf/esp-2022r1-RC1-11.2.0/xtensa-esp32-elf/bin/../lib/gcc/xtensa-esp32-elf/11.2.0 -L/Users/mgois/.espressif/tools/xtensa-esp32-elf/esp-2022r1-RC1-11.2.0/xtensa-esp32-elf/bin/../lib/gcc -L/Users/mgois/.espressif/tools/xtensa-esp32-elf/esp-2022r1-RC1-11.2.0/xtensa-esp32-elf/bin/../lib/gcc/xtensa-esp32-elf/11.2.0/../../../../xtensa-esp32-elf/lib CMakeFiles/cmTC_efa26.dir/CMakeCXXCompilerABI.cpp.obj -lstdc++ -lm -lgcc -lc -lnosys -lc -lgcc /Users/mgois/.espressif/tools/xtensa-esp32-elf/esp-2022r1-RC1-11.2.0/xtensa-esp32-elf/bin/../lib/gcc/xtensa-esp32-elf/11.2.0/crtend.o /Users/mgois/.espressif/tools/xtensa-esp32-elf/esp-2022r1-RC1-11.2.0/xtensa-esp32-elf/bin/../lib/gcc/xtensa-esp32-elf/11.2.0/crtn.o]
    arg [/Users/mgois/.espressif/tools/xtensa-esp32-elf/esp-2022r1-RC1-11.2.0/xtensa-esp32-elf/bin/../libexec/gcc/xtensa-esp32-elf/11.2.0/collect2] ==> ignore
    arg [-plugin] ==> ignore
    arg [/Users/mgois/.espressif/tools/xtensa-esp32-elf/esp-2022r1-RC1-11.2.0/xtensa-esp32-elf/bin/../libexec/gcc/xtensa-esp32-elf/11.2.0/liblto_plugin.so] ==> ignore
    arg [-plugin-opt=/Users/mgois/.espressif/tools/xtensa-esp32-elf/esp-2022r1-RC1-11.2.0/xtensa-esp32-elf/bin/../libexec/gcc/xtensa-esp32-elf/11.2.0/lto-wrapper] ==> ignore
    arg [-plugin-opt=-fresolution=/var/folders/df/ym0k_l25127bbz15x7tsvfg80000gn/T//ccVwNgQn.res] ==> ignore
    arg [-plugin-opt=-pass-through=-lgcc] ==> ignore
    arg [-plugin-opt=-pass-through=-lc] ==> ignore
    arg [-plugin-opt=-pass-through=-lnosys] ==> ignore
    arg [-plugin-opt=-pass-through=-lc] ==> ignore
    arg [-plugin-opt=-pass-through=-lgcc] ==> ignore
    arg [-o] ==> ignore
    arg [cmTC_efa26] ==> ignore
    arg [/Users/mgois/.espressif/tools/xtensa-esp32-elf/esp-2022r1-RC1-11.2.0/xtensa-esp32-elf/bin/../lib/gcc/xtensa-esp32-elf/11.2.0/../../../../xtensa-esp32-elf/lib/crt0.o] ==> obj [/Users/mgois/.espressif/tools/xtensa-esp32-elf/esp-2022r1-RC1-11.2.0/xtensa-esp32-elf/bin/../lib/gcc/xtensa-esp32-elf/11.2.0/../../../../xtensa-esp32-elf/lib/crt0.o]
    arg [/Users/mgois/.espressif/tools/xtensa-esp32-elf/esp-2022r1-RC1-11.2.0/xtensa-esp32-elf/bin/../lib/gcc/xtensa-esp32-elf/11.2.0/crti.o] ==> obj [/Users/mgois/.espressif/tools/xtensa-esp32-elf/esp-2022r1-RC1-11.2.0/xtensa-esp32-elf/bin/../lib/gcc/xtensa-esp32-elf/11.2.0/crti.o]
    arg [/Users/mgois/.espressif/tools/xtensa-esp32-elf/esp-2022r1-RC1-11.2.0/xtensa-esp32-elf/bin/../lib/gcc/xtensa-esp32-elf/11.2.0/crtbegin.o] ==> obj [/Users/mgois/.espressif/tools/xtensa-esp32-elf/esp-2022r1-RC1-11.2.0/xtensa-esp32-elf/bin/../lib/gcc/xtensa-esp32-elf/11.2.0/crtbegin.o]
    arg [-L/Users/mgois/.espressif/tools/xtensa-esp32-elf/esp-2022r1-RC1-11.2.0/xtensa-esp32-elf/bin/../lib/gcc/xtensa-esp32-elf/11.2.0] ==> dir [/Users/mgois/.espressif/tools/xtensa-esp32-elf/esp-2022r1-RC1-11.2.0/xtensa-esp32-elf/bin/../lib/gcc/xtensa-esp32-elf/11.2.0]
    arg [-L/Users/mgois/.espressif/tools/xtensa-esp32-elf/esp-2022r1-RC1-11.2.0/xtensa-esp32-elf/bin/../lib/gcc] ==> dir [/Users/mgois/.espressif/tools/xtensa-esp32-elf/esp-2022r1-RC1-11.2.0/xtensa-esp32-elf/bin/../lib/gcc]
    arg [-L/Users/mgois/.espressif/tools/xtensa-esp32-elf/esp-2022r1-RC1-11.2.0/xtensa-esp32-elf/bin/../lib/gcc/xtensa-esp32-elf/11.2.0/../../../../xtensa-esp32-elf/lib] ==> dir [/Users/mgois/.espressif/tools/xtensa-esp32-elf/esp-2022r1-RC1-11.2.0/xtensa-esp32-elf/bin/../lib/gcc/xtensa-esp32-elf/11.2.0/../../../../xtensa-esp32-elf/lib]
    arg [CMakeFiles/cmTC_efa26.dir/CMakeCXXCompilerABI.cpp.obj] ==> ignore
    arg [-lstdc++] ==> lib [stdc++]
    arg [-lm] ==> lib [m]
    arg [-lgcc] ==> lib [gcc]
    arg [-lc] ==> lib [c]
    arg [-lnosys] ==> lib [nosys]
    arg [-lc] ==> lib [c]
    arg [-lgcc] ==> lib [gcc]
    arg [/Users/mgois/.espressif/tools/xtensa-esp32-elf/esp-2022r1-RC1-11.2.0/xtensa-esp32-elf/bin/../lib/gcc/xtensa-esp32-elf/11.2.0/crtend.o] ==> obj [/Users/mgois/.espressif/tools/xtensa-esp32-elf/esp-2022r1-RC1-11.2.0/xtensa-esp32-elf/bin/../lib/gcc/xtensa-esp32-elf/11.2.0/crtend.o]
    arg [/Users/mgois/.espressif/tools/xtensa-esp32-elf/esp-2022r1-RC1-11.2.0/xtensa-esp32-elf/bin/../lib/gcc/xtensa-esp32-elf/11.2.0/crtn.o] ==> obj [/Users/mgois/.espressif/tools/xtensa-esp32-elf/esp-2022r1-RC1-11.2.0/xtensa-esp32-elf/bin/../lib/gcc/xtensa-esp32-elf/11.2.0/crtn.o]
  collapse obj [/Users/mgois/.espressif/tools/xtensa-esp32-elf/esp-2022r1-RC1-11.2.0/xtensa-esp32-elf/bin/../lib/gcc/xtensa-esp32-elf/11.2.0/../../../../xtensa-esp32-elf/lib/crt0.o] ==> [/Users/mgois/.espressif/tools/xtensa-esp32-elf/esp-2022r1-RC1-11.2.0/xtensa-esp32-elf/xtensa-esp32-elf/lib/crt0.o]
  collapse obj [/Users/mgois/.espressif/tools/xtensa-esp32-elf/esp-2022r1-RC1-11.2.0/xtensa-esp32-elf/bin/../lib/gcc/xtensa-esp32-elf/11.2.0/crti.o] ==> [/Users/mgois/.espressif/tools/xtensa-esp32-elf/esp-2022r1-RC1-11.2.0/xtensa-esp32-elf/lib/gcc/xtensa-esp32-elf/11.2.0/crti.o]
  collapse obj [/Users/mgois/.espressif/tools/xtensa-esp32-elf/esp-2022r1-RC1-11.2.0/xtensa-esp32-elf/bin/../lib/gcc/xtensa-esp32-elf/11.2.0/crtbegin.o] ==> [/Users/mgois/.espressif/tools/xtensa-esp32-elf/esp-2022r1-RC1-11.2.0/xtensa-esp32-elf/lib/gcc/xtensa-esp32-elf/11.2.0/crtbegin.o]
  collapse obj [/Users/mgois/.espressif/tools/xtensa-esp32-elf/esp-2022r1-RC1-11.2.0/xtensa-esp32-elf/bin/../lib/gcc/xtensa-esp32-elf/11.2.0/crtend.o] ==> [/Users/mgois/.espressif/tools/xtensa-esp32-elf/esp-2022r1-RC1-11.2.0/xtensa-esp32-elf/lib/gcc/xtensa-esp32-elf/11.2.0/crtend.o]
  collapse obj [/Users/mgois/.espressif/tools/xtensa-esp32-elf/esp-2022r1-RC1-11.2.0/xtensa-esp32-elf/bin/../lib/gcc/xtensa-esp32-elf/11.2.0/crtn.o] ==> [/Users/mgois/.espressif/tools/xtensa-esp32-elf/esp-2022r1-RC1-11.2.0/xtensa-esp32-elf/lib/gcc/xtensa-esp32-elf/11.2.0/crtn.o]
  collapse library dir [/Users/mgois/.espressif/tools/xtensa-esp32-elf/esp-2022r1-RC1-11.2.0/xtensa-esp32-elf/bin/../lib/gcc/xtensa-esp32-elf/11.2.0] ==> [/Users/mgois/.espressif/tools/xtensa-esp32-elf/esp-2022r1-RC1-11.2.0/xtensa-esp32-elf/lib/gcc/xtensa-esp32-elf/11.2.0]
  collapse library dir [/Users/mgois/.espressif/tools/xtensa-esp32-elf/esp-2022r1-RC1-11.2.0/xtensa-esp32-elf/bin/../lib/gcc] ==> [/Users/mgois/.espressif/tools/xtensa-esp32-elf/esp-2022r1-RC1-11.2.0/xtensa-esp32-elf/lib/gcc]
  collapse library dir [/Users/mgois/.espressif/tools/xtensa-esp32-elf/esp-2022r1-RC1-11.2.0/xtensa-esp32-elf/bin/../lib/gcc/xtensa-esp32-elf/11.2.0/../../../../xtensa-esp32-elf/lib] ==> [/Users/mgois/.espressif/tools/xtensa-esp32-elf/esp-2022r1-RC1-11.2.0/xtensa-esp32-elf/xtensa-esp32-elf/lib]
  implicit libs: [stdc++;m;gcc;c;nosys;c;gcc]
  implicit objs: [/Users/mgois/.espressif/tools/xtensa-esp32-elf/esp-2022r1-RC1-11.2.0/xtensa-esp32-elf/xtensa-esp32-elf/lib/crt0.o;/Users/mgois/.espressif/tools/xtensa-esp32-elf/esp-2022r1-RC1-11.2.0/xtensa-esp32-elf/lib/gcc/xtensa-esp32-elf/11.2.0/crti.o;/Users/mgois/.espressif/tools/xtensa-esp32-elf/esp-2022r1-RC1-11.2.0/xtensa-esp32-elf/lib/gcc/xtensa-esp32-elf/11.2.0/crtbegin.o;/Users/mgois/.espressif/tools/xtensa-esp32-elf/esp-2022r1-RC1-11.2.0/xtensa-esp32-elf/lib/gcc/xtensa-esp32-elf/11.2.0/crtend.o;/Users/mgois/.espressif/tools/xtensa-esp32-elf/esp-2022r1-RC1-11.2.0/xtensa-esp32-elf/lib/gcc/xtensa-esp32-elf/11.2.0/crtn.o]
  implicit dirs: [/Users/mgois/.espressif/tools/xtensa-esp32-elf/esp-2022r1-RC1-11.2.0/xtensa-esp32-elf/lib/gcc/xtensa-esp32-elf/11.2.0;/Users/mgois/.espressif/tools/xtensa-esp32-elf/esp-2022r1-RC1-11.2.0/xtensa-esp32-elf/lib/gcc;/Users/mgois/.espressif/tools/xtensa-esp32-elf/esp-2022r1-RC1-11.2.0/xtensa-esp32-elf/xtensa-esp32-elf/lib]
  implicit fwks: []


Determining if the include file sys/types.h exists passed with the following output:
Change Dir: /Users/mgois/tcc/webserver_setup/build/CMakeFiles/CMakeTmp

Run Build Command(s):/opt/homebrew/bin/ninja cmTC_45a28 && [1/2] Building C object CMakeFiles/cmTC_45a28.dir/CheckIncludeFile.c.obj
[2/2] Linking C executable cmTC_45a28



Determining if the include file stdint.h exists passed with the following output:
Change Dir: /Users/mgois/tcc/webserver_setup/build/CMakeFiles/CMakeTmp

Run Build Command(s):/opt/homebrew/bin/ninja cmTC_c0c4f && [1/2] Building C object CMakeFiles/cmTC_c0c4f.dir/CheckIncludeFile.c.obj
[2/2] Linking C executable cmTC_c0c4f



Determining if the include file stddef.h exists passed with the following output:
Change Dir: /Users/mgois/tcc/webserver_setup/build/CMakeFiles/CMakeTmp

Run Build Command(s):/opt/homebrew/bin/ninja cmTC_73ce6 && [1/2] Building C object CMakeFiles/cmTC_73ce6.dir/CheckIncludeFile.c.obj
[2/2] Linking C executable cmTC_73ce6



Determining size of time_t passed with the following output:
Change Dir: /Users/mgois/tcc/webserver_setup/build/CMakeFiles/CMakeTmp

Run Build Command(s):/opt/homebrew/bin/ninja cmTC_5109d && [1/2] Building C object CMakeFiles/cmTC_5109d.dir/TIME_T_SIZE.c.obj
[2/2] Linking C executable cmTC_5109d



Performing C SOURCE FILE Test C_COMPILER_SUPPORTS_WFORMAT_SIGNEDNESS succeeded with the following output:
Change Dir: /Users/mgois/tcc/webserver_setup/build/CMakeFiles/CMakeTmp

Run Build Command(s):/opt/homebrew/bin/ninja cmTC_8352b && [1/2] Building C object CMakeFiles/cmTC_8352b.dir/src.c.obj
[2/2] Linking C executable cmTC_8352b


Source file was:
int main(void) { return 0; }
